[2026-03-05T08:41:38.285+0000] {local_task_job_runner.py:123} INFO - ::group::Pre task execution logs
[2026-03-05T08:41:38.301+0000] {taskinstance.py:2614} INFO - Dependencies all met for dep_context=non-requeueable deps ti=<TaskInstance: world_bank_macro_pipeline.fetch_world_bank_data manual__2026-03-05T08:36:06+00:00 [queued]>
[2026-03-05T08:41:38.309+0000] {taskinstance.py:2614} INFO - Dependencies all met for dep_context=requeueable deps ti=<TaskInstance: world_bank_macro_pipeline.fetch_world_bank_data manual__2026-03-05T08:36:06+00:00 [queued]>
[2026-03-05T08:41:38.309+0000] {taskinstance.py:2867} INFO - Starting attempt 2 of 3
[2026-03-05T08:41:38.321+0000] {taskinstance.py:2890} INFO - Executing <Task(PythonOperator): fetch_world_bank_data> on 2026-03-05 08:36:06+00:00
[2026-03-05T08:41:38.331+0000] {standard_task_runner.py:72} INFO - Started process 547 to run task
[2026-03-05T08:41:38.333+0000] {standard_task_runner.py:104} INFO - Running: ['***', 'tasks', 'run', 'world_bank_macro_pipeline', 'fetch_world_bank_data', 'manual__2026-03-05T08:36:06+00:00', '--job-id', '3', '--raw', '--subdir', 'DAGS_FOLDER/world_bank_pipeline.py', '--cfg-path', '/tmp/tmpac7klh8b']
[2026-03-05T08:41:38.334+0000] {standard_task_runner.py:105} INFO - Job 3: Subtask fetch_world_bank_data
[2026-03-05T08:41:38.374+0000] {task_command.py:467} INFO - Running <TaskInstance: world_bank_macro_pipeline.fetch_world_bank_data manual__2026-03-05T08:36:06+00:00 [running]> on host 55c90f0399c5
[2026-03-05T08:41:38.436+0000] {taskinstance.py:3134} INFO - Exporting env vars: AIRFLOW_CTX_DAG_OWNER='data-team' AIRFLOW_CTX_DAG_ID='world_bank_macro_pipeline' AIRFLOW_CTX_TASK_ID='fetch_world_bank_data' AIRFLOW_CTX_EXECUTION_DATE='2026-03-05T08:36:06+00:00' AIRFLOW_CTX_TRY_NUMBER='2' AIRFLOW_CTX_DAG_RUN_ID='manual__2026-03-05T08:36:06+00:00'
[2026-03-05T08:41:38.437+0000] {taskinstance.py:732} INFO - ::endgroup::
[2026-03-05T08:41:38.450+0000] {world_bank_pipeline.py:59} INFO - Fetching NY.GDP.MKTP.CD...
[2026-03-05T08:41:52.637+0000] {world_bank_pipeline.py:113} INFO - Inserted 6433 records for NY.GDP.MKTP.CD
[2026-03-05T08:41:52.637+0000] {world_bank_pipeline.py:59} INFO - Fetching NY.GDP.MKTP.KD.ZG...
[2026-03-05T08:42:01.083+0000] {world_bank_pipeline.py:113} INFO - Inserted 6360 records for NY.GDP.MKTP.KD.ZG
[2026-03-05T08:42:01.083+0000] {world_bank_pipeline.py:59} INFO - Fetching FP.CPI.TOTL.ZG...
[2026-03-05T08:42:09.187+0000] {world_bank_pipeline.py:113} INFO - Inserted 5716 records for FP.CPI.TOTL.ZG
[2026-03-05T08:42:09.187+0000] {world_bank_pipeline.py:59} INFO - Fetching SL.UEM.TOTL.ZS...
[2026-03-05T08:42:16.977+0000] {world_bank_pipeline.py:113} INFO - Inserted 5866 records for SL.UEM.TOTL.ZS
[2026-03-05T08:42:16.977+0000] {world_bank_pipeline.py:59} INFO - Fetching NE.TRD.GNFS.ZS...
[2026-03-05T08:42:24.816+0000] {world_bank_pipeline.py:113} INFO - Inserted 5420 records for NE.TRD.GNFS.ZS
[2026-03-05T08:42:24.817+0000] {world_bank_pipeline.py:119} INFO - Total raw records inserted/updated: 29795
[2026-03-05T08:42:24.834+0000] {python.py:240} INFO - Done. Returned value was: 29795
[2026-03-05T08:42:24.855+0000] {taskinstance.py:341} INFO - ::group::Post task execution logs
[2026-03-05T08:42:24.855+0000] {taskinstance.py:353} INFO - Marking task as SUCCESS. dag_id=world_bank_macro_pipeline, task_id=fetch_world_bank_data, run_id=manual__2026-03-05T08:36:06+00:00, execution_date=20260305T083606, start_date=20260305T084138, end_date=20260305T084224
[2026-03-05T08:42:24.928+0000] {local_task_job_runner.py:266} INFO - Task exited with return code 0
[2026-03-05T08:42:24.946+0000] {taskinstance.py:3901} INFO - 0 downstream tasks scheduled from follow-on schedule check
[2026-03-05T08:42:24.948+0000] {local_task_job_runner.py:245} INFO - ::endgroup::
