[2026-03-05T09:15:52.556+0000] {processor.py:186} INFO - Started process (PID=194) to work on /opt/airflow/dags/ml_gdp_prediction.py
[2026-03-05T09:15:52.556+0000] {processor.py:914} INFO - Processing file /opt/airflow/dags/ml_gdp_prediction.py for tasks to queue
[2026-03-05T09:15:52.558+0000] {logging_mixin.py:190} INFO - [2026-03-05T09:15:52.558+0000] {dagbag.py:588} INFO - Filling up the DagBag from /opt/airflow/dags/ml_gdp_prediction.py
[2026-03-05T09:15:53.978+0000] {processor.py:925} INFO - DAG(s) 'gdp_growth_ml_predictor' retrieved from /opt/airflow/dags/ml_gdp_prediction.py
[2026-03-05T09:15:54.104+0000] {logging_mixin.py:190} INFO - [2026-03-05T09:15:54.103+0000] {override.py:1912} INFO - Created Permission View: can delete on DAG:gdp_growth_ml_predictor
[2026-03-05T09:15:54.111+0000] {logging_mixin.py:190} INFO - [2026-03-05T09:15:54.111+0000] {override.py:1912} INFO - Created Permission View: can read on DAG:gdp_growth_ml_predictor
[2026-03-05T09:15:54.115+0000] {logging_mixin.py:190} INFO - [2026-03-05T09:15:54.115+0000] {override.py:1912} INFO - Created Permission View: can edit on DAG:gdp_growth_ml_predictor
[2026-03-05T09:15:54.119+0000] {logging_mixin.py:190} INFO - [2026-03-05T09:15:54.119+0000] {override.py:1912} INFO - Created Permission View: can delete on DAG Run:gdp_growth_ml_predictor
[2026-03-05T09:15:54.123+0000] {logging_mixin.py:190} INFO - [2026-03-05T09:15:54.123+0000] {override.py:1912} INFO - Created Permission View: can read on DAG Run:gdp_growth_ml_predictor
[2026-03-05T09:15:54.127+0000] {logging_mixin.py:190} INFO - [2026-03-05T09:15:54.127+0000] {override.py:1912} INFO - Created Permission View: menu access on DAG Run:gdp_growth_ml_predictor
[2026-03-05T09:15:54.131+0000] {logging_mixin.py:190} INFO - [2026-03-05T09:15:54.131+0000] {override.py:1912} INFO - Created Permission View: can create on DAG Run:gdp_growth_ml_predictor
[2026-03-05T09:15:54.132+0000] {logging_mixin.py:190} INFO - [2026-03-05T09:15:54.132+0000] {dag.py:3239} INFO - Sync 1 DAGs
[2026-03-05T09:15:54.141+0000] {logging_mixin.py:190} INFO - [2026-03-05T09:15:54.141+0000] {dag.py:3262} INFO - Creating ORM DAG for gdp_growth_ml_predictor
[2026-03-05T09:15:54.148+0000] {logging_mixin.py:190} INFO - [2026-03-05T09:15:54.148+0000] {dag.py:4180} INFO - Setting next_dagrun for gdp_growth_ml_predictor to 2026-03-01 00:00:00+00:00, run_after=2026-04-01 00:00:00+00:00
[2026-03-05T09:15:54.159+0000] {processor.py:208} INFO - Processing /opt/airflow/dags/ml_gdp_prediction.py took 1.607 seconds
[2026-03-05T09:16:24.740+0000] {processor.py:186} INFO - Started process (PID=311) to work on /opt/airflow/dags/ml_gdp_prediction.py
[2026-03-05T09:16:24.744+0000] {processor.py:914} INFO - Processing file /opt/airflow/dags/ml_gdp_prediction.py for tasks to queue
[2026-03-05T09:16:24.746+0000] {logging_mixin.py:190} INFO - [2026-03-05T09:16:24.746+0000] {dagbag.py:588} INFO - Filling up the DagBag from /opt/airflow/dags/ml_gdp_prediction.py
[2026-03-05T09:16:25.566+0000] {processor.py:925} INFO - DAG(s) 'gdp_growth_ml_predictor' retrieved from /opt/airflow/dags/ml_gdp_prediction.py
[2026-03-05T09:16:25.583+0000] {logging_mixin.py:190} INFO - [2026-03-05T09:16:25.583+0000] {dag.py:3239} INFO - Sync 1 DAGs
[2026-03-05T09:16:25.595+0000] {logging_mixin.py:190} INFO - [2026-03-05T09:16:25.595+0000] {dag.py:4180} INFO - Setting next_dagrun for gdp_growth_ml_predictor to 2026-03-01 00:00:00+00:00, run_after=2026-04-01 00:00:00+00:00
[2026-03-05T09:16:25.605+0000] {processor.py:208} INFO - Processing /opt/airflow/dags/ml_gdp_prediction.py took 0.868 seconds
[2026-03-05T09:16:55.900+0000] {processor.py:186} INFO - Started process (PID=353) to work on /opt/airflow/dags/ml_gdp_prediction.py
[2026-03-05T09:16:55.901+0000] {processor.py:914} INFO - Processing file /opt/airflow/dags/ml_gdp_prediction.py for tasks to queue
[2026-03-05T09:16:55.903+0000] {logging_mixin.py:190} INFO - [2026-03-05T09:16:55.902+0000] {dagbag.py:588} INFO - Filling up the DagBag from /opt/airflow/dags/ml_gdp_prediction.py
[2026-03-05T09:16:56.843+0000] {processor.py:925} INFO - DAG(s) 'gdp_growth_ml_predictor' retrieved from /opt/airflow/dags/ml_gdp_prediction.py
[2026-03-05T09:16:56.860+0000] {logging_mixin.py:190} INFO - [2026-03-05T09:16:56.859+0000] {dag.py:3239} INFO - Sync 1 DAGs
[2026-03-05T09:16:56.875+0000] {logging_mixin.py:190} INFO - [2026-03-05T09:16:56.875+0000] {dag.py:4180} INFO - Setting next_dagrun for gdp_growth_ml_predictor to 2026-03-01 00:00:00+00:00, run_after=2026-04-01 00:00:00+00:00
[2026-03-05T09:16:56.888+0000] {processor.py:208} INFO - Processing /opt/airflow/dags/ml_gdp_prediction.py took 0.994 seconds
[2026-03-05T09:17:27.162+0000] {processor.py:186} INFO - Started process (PID=395) to work on /opt/airflow/dags/ml_gdp_prediction.py
[2026-03-05T09:17:27.165+0000] {processor.py:914} INFO - Processing file /opt/airflow/dags/ml_gdp_prediction.py for tasks to queue
[2026-03-05T09:17:27.168+0000] {logging_mixin.py:190} INFO - [2026-03-05T09:17:27.168+0000] {dagbag.py:588} INFO - Filling up the DagBag from /opt/airflow/dags/ml_gdp_prediction.py
[2026-03-05T09:17:28.137+0000] {processor.py:925} INFO - DAG(s) 'gdp_growth_ml_predictor' retrieved from /opt/airflow/dags/ml_gdp_prediction.py
[2026-03-05T09:17:28.154+0000] {logging_mixin.py:190} INFO - [2026-03-05T09:17:28.153+0000] {dag.py:3239} INFO - Sync 1 DAGs
[2026-03-05T09:17:28.166+0000] {logging_mixin.py:190} INFO - [2026-03-05T09:17:28.166+0000] {dag.py:4180} INFO - Setting next_dagrun for gdp_growth_ml_predictor to 2026-03-01 00:00:00+00:00, run_after=2026-04-01 00:00:00+00:00
[2026-03-05T09:17:28.176+0000] {processor.py:208} INFO - Processing /opt/airflow/dags/ml_gdp_prediction.py took 1.020 seconds
[2026-03-05T09:17:58.384+0000] {processor.py:186} INFO - Started process (PID=444) to work on /opt/airflow/dags/ml_gdp_prediction.py
[2026-03-05T09:17:58.385+0000] {processor.py:914} INFO - Processing file /opt/airflow/dags/ml_gdp_prediction.py for tasks to queue
[2026-03-05T09:17:58.387+0000] {logging_mixin.py:190} INFO - [2026-03-05T09:17:58.386+0000] {dagbag.py:588} INFO - Filling up the DagBag from /opt/airflow/dags/ml_gdp_prediction.py
[2026-03-05T09:17:59.315+0000] {processor.py:925} INFO - DAG(s) 'gdp_growth_ml_predictor' retrieved from /opt/airflow/dags/ml_gdp_prediction.py
[2026-03-05T09:17:59.331+0000] {logging_mixin.py:190} INFO - [2026-03-05T09:17:59.331+0000] {dag.py:3239} INFO - Sync 1 DAGs
[2026-03-05T09:17:59.346+0000] {logging_mixin.py:190} INFO - [2026-03-05T09:17:59.346+0000] {dag.py:4180} INFO - Setting next_dagrun for gdp_growth_ml_predictor to 2026-03-01 00:00:00+00:00, run_after=2026-04-01 00:00:00+00:00
[2026-03-05T09:17:59.355+0000] {processor.py:208} INFO - Processing /opt/airflow/dags/ml_gdp_prediction.py took 0.977 seconds
[2026-03-05T09:18:29.650+0000] {processor.py:186} INFO - Started process (PID=486) to work on /opt/airflow/dags/ml_gdp_prediction.py
[2026-03-05T09:18:29.651+0000] {processor.py:914} INFO - Processing file /opt/airflow/dags/ml_gdp_prediction.py for tasks to queue
[2026-03-05T09:18:29.653+0000] {logging_mixin.py:190} INFO - [2026-03-05T09:18:29.653+0000] {dagbag.py:588} INFO - Filling up the DagBag from /opt/airflow/dags/ml_gdp_prediction.py
[2026-03-05T09:18:30.525+0000] {processor.py:925} INFO - DAG(s) 'gdp_growth_ml_predictor' retrieved from /opt/airflow/dags/ml_gdp_prediction.py
[2026-03-05T09:18:30.543+0000] {logging_mixin.py:190} INFO - [2026-03-05T09:18:30.542+0000] {dag.py:3239} INFO - Sync 1 DAGs
[2026-03-05T09:18:30.557+0000] {logging_mixin.py:190} INFO - [2026-03-05T09:18:30.557+0000] {dag.py:4180} INFO - Setting next_dagrun for gdp_growth_ml_predictor to 2026-03-01 00:00:00+00:00, run_after=2026-04-01 00:00:00+00:00
[2026-03-05T09:18:30.569+0000] {processor.py:208} INFO - Processing /opt/airflow/dags/ml_gdp_prediction.py took 0.926 seconds
[2026-03-05T09:19:00.860+0000] {processor.py:186} INFO - Started process (PID=528) to work on /opt/airflow/dags/ml_gdp_prediction.py
[2026-03-05T09:19:00.861+0000] {processor.py:914} INFO - Processing file /opt/airflow/dags/ml_gdp_prediction.py for tasks to queue
[2026-03-05T09:19:00.863+0000] {logging_mixin.py:190} INFO - [2026-03-05T09:19:00.862+0000] {dagbag.py:588} INFO - Filling up the DagBag from /opt/airflow/dags/ml_gdp_prediction.py
[2026-03-05T09:19:01.793+0000] {processor.py:925} INFO - DAG(s) 'gdp_growth_ml_predictor' retrieved from /opt/airflow/dags/ml_gdp_prediction.py
[2026-03-05T09:19:01.810+0000] {logging_mixin.py:190} INFO - [2026-03-05T09:19:01.809+0000] {dag.py:3239} INFO - Sync 1 DAGs
[2026-03-05T09:19:01.823+0000] {logging_mixin.py:190} INFO - [2026-03-05T09:19:01.822+0000] {dag.py:4180} INFO - Setting next_dagrun for gdp_growth_ml_predictor to 2026-03-01 00:00:00+00:00, run_after=2026-04-01 00:00:00+00:00
[2026-03-05T09:19:01.833+0000] {processor.py:208} INFO - Processing /opt/airflow/dags/ml_gdp_prediction.py took 0.978 seconds
[2026-03-05T09:19:32.118+0000] {processor.py:186} INFO - Started process (PID=570) to work on /opt/airflow/dags/ml_gdp_prediction.py
[2026-03-05T09:19:32.121+0000] {processor.py:914} INFO - Processing file /opt/airflow/dags/ml_gdp_prediction.py for tasks to queue
[2026-03-05T09:19:32.123+0000] {logging_mixin.py:190} INFO - [2026-03-05T09:19:32.123+0000] {dagbag.py:588} INFO - Filling up the DagBag from /opt/airflow/dags/ml_gdp_prediction.py
[2026-03-05T09:19:33.109+0000] {processor.py:925} INFO - DAG(s) 'gdp_growth_ml_predictor' retrieved from /opt/airflow/dags/ml_gdp_prediction.py
[2026-03-05T09:19:33.124+0000] {logging_mixin.py:190} INFO - [2026-03-05T09:19:33.124+0000] {dag.py:3239} INFO - Sync 1 DAGs
[2026-03-05T09:19:33.138+0000] {logging_mixin.py:190} INFO - [2026-03-05T09:19:33.138+0000] {dag.py:4180} INFO - Setting next_dagrun for gdp_growth_ml_predictor to 2026-03-01 00:00:00+00:00, run_after=2026-04-01 00:00:00+00:00
[2026-03-05T09:19:33.149+0000] {processor.py:208} INFO - Processing /opt/airflow/dags/ml_gdp_prediction.py took 1.037 seconds
[2026-03-05T09:20:03.376+0000] {processor.py:186} INFO - Started process (PID=612) to work on /opt/airflow/dags/ml_gdp_prediction.py
[2026-03-05T09:20:03.376+0000] {processor.py:914} INFO - Processing file /opt/airflow/dags/ml_gdp_prediction.py for tasks to queue
[2026-03-05T09:20:03.378+0000] {logging_mixin.py:190} INFO - [2026-03-05T09:20:03.378+0000] {dagbag.py:588} INFO - Filling up the DagBag from /opt/airflow/dags/ml_gdp_prediction.py
[2026-03-05T09:20:04.320+0000] {processor.py:925} INFO - DAG(s) 'gdp_growth_ml_predictor' retrieved from /opt/airflow/dags/ml_gdp_prediction.py
[2026-03-05T09:20:04.338+0000] {logging_mixin.py:190} INFO - [2026-03-05T09:20:04.337+0000] {dag.py:3239} INFO - Sync 1 DAGs
[2026-03-05T09:20:04.351+0000] {logging_mixin.py:190} INFO - [2026-03-05T09:20:04.351+0000] {dag.py:4180} INFO - Setting next_dagrun for gdp_growth_ml_predictor to 2026-03-01 00:00:00+00:00, run_after=2026-04-01 00:00:00+00:00
[2026-03-05T09:20:04.364+0000] {processor.py:208} INFO - Processing /opt/airflow/dags/ml_gdp_prediction.py took 0.994 seconds
[2026-03-05T09:20:34.633+0000] {processor.py:186} INFO - Started process (PID=654) to work on /opt/airflow/dags/ml_gdp_prediction.py
[2026-03-05T09:20:34.634+0000] {processor.py:914} INFO - Processing file /opt/airflow/dags/ml_gdp_prediction.py for tasks to queue
[2026-03-05T09:20:34.636+0000] {logging_mixin.py:190} INFO - [2026-03-05T09:20:34.636+0000] {dagbag.py:588} INFO - Filling up the DagBag from /opt/airflow/dags/ml_gdp_prediction.py
[2026-03-05T09:20:35.527+0000] {processor.py:925} INFO - DAG(s) 'gdp_growth_ml_predictor' retrieved from /opt/airflow/dags/ml_gdp_prediction.py
[2026-03-05T09:20:35.543+0000] {logging_mixin.py:190} INFO - [2026-03-05T09:20:35.542+0000] {dag.py:3239} INFO - Sync 1 DAGs
[2026-03-05T09:20:35.556+0000] {logging_mixin.py:190} INFO - [2026-03-05T09:20:35.556+0000] {dag.py:4180} INFO - Setting next_dagrun for gdp_growth_ml_predictor to 2026-03-01 00:00:00+00:00, run_after=2026-04-01 00:00:00+00:00
[2026-03-05T09:20:35.569+0000] {processor.py:208} INFO - Processing /opt/airflow/dags/ml_gdp_prediction.py took 0.942 seconds
[2026-03-05T09:21:05.839+0000] {processor.py:186} INFO - Started process (PID=696) to work on /opt/airflow/dags/ml_gdp_prediction.py
[2026-03-05T09:21:05.842+0000] {processor.py:914} INFO - Processing file /opt/airflow/dags/ml_gdp_prediction.py for tasks to queue
[2026-03-05T09:21:05.845+0000] {logging_mixin.py:190} INFO - [2026-03-05T09:21:05.844+0000] {dagbag.py:588} INFO - Filling up the DagBag from /opt/airflow/dags/ml_gdp_prediction.py
[2026-03-05T09:21:06.725+0000] {processor.py:925} INFO - DAG(s) 'gdp_growth_ml_predictor' retrieved from /opt/airflow/dags/ml_gdp_prediction.py
[2026-03-05T09:21:06.743+0000] {logging_mixin.py:190} INFO - [2026-03-05T09:21:06.742+0000] {dag.py:3239} INFO - Sync 1 DAGs
[2026-03-05T09:21:06.756+0000] {logging_mixin.py:190} INFO - [2026-03-05T09:21:06.756+0000] {dag.py:4180} INFO - Setting next_dagrun for gdp_growth_ml_predictor to 2026-03-01 00:00:00+00:00, run_after=2026-04-01 00:00:00+00:00
[2026-03-05T09:21:06.769+0000] {processor.py:208} INFO - Processing /opt/airflow/dags/ml_gdp_prediction.py took 0.936 seconds
[2026-03-05T09:21:37.021+0000] {processor.py:186} INFO - Started process (PID=738) to work on /opt/airflow/dags/ml_gdp_prediction.py
[2026-03-05T09:21:37.021+0000] {processor.py:914} INFO - Processing file /opt/airflow/dags/ml_gdp_prediction.py for tasks to queue
[2026-03-05T09:21:37.023+0000] {logging_mixin.py:190} INFO - [2026-03-05T09:21:37.023+0000] {dagbag.py:588} INFO - Filling up the DagBag from /opt/airflow/dags/ml_gdp_prediction.py
[2026-03-05T09:21:37.968+0000] {processor.py:925} INFO - DAG(s) 'gdp_growth_ml_predictor' retrieved from /opt/airflow/dags/ml_gdp_prediction.py
[2026-03-05T09:21:37.985+0000] {logging_mixin.py:190} INFO - [2026-03-05T09:21:37.985+0000] {dag.py:3239} INFO - Sync 1 DAGs
[2026-03-05T09:21:37.998+0000] {logging_mixin.py:190} INFO - [2026-03-05T09:21:37.998+0000] {dag.py:4180} INFO - Setting next_dagrun for gdp_growth_ml_predictor to 2026-03-01 00:00:00+00:00, run_after=2026-04-01 00:00:00+00:00
[2026-03-05T09:21:38.011+0000] {processor.py:208} INFO - Processing /opt/airflow/dags/ml_gdp_prediction.py took 0.996 seconds
[2026-03-05T09:22:08.275+0000] {processor.py:186} INFO - Started process (PID=780) to work on /opt/airflow/dags/ml_gdp_prediction.py
[2026-03-05T09:22:08.276+0000] {processor.py:914} INFO - Processing file /opt/airflow/dags/ml_gdp_prediction.py for tasks to queue
[2026-03-05T09:22:08.278+0000] {logging_mixin.py:190} INFO - [2026-03-05T09:22:08.277+0000] {dagbag.py:588} INFO - Filling up the DagBag from /opt/airflow/dags/ml_gdp_prediction.py
[2026-03-05T09:22:09.163+0000] {processor.py:925} INFO - DAG(s) 'gdp_growth_ml_predictor' retrieved from /opt/airflow/dags/ml_gdp_prediction.py
[2026-03-05T09:22:09.180+0000] {logging_mixin.py:190} INFO - [2026-03-05T09:22:09.179+0000] {dag.py:3239} INFO - Sync 1 DAGs
[2026-03-05T09:22:09.193+0000] {logging_mixin.py:190} INFO - [2026-03-05T09:22:09.193+0000] {dag.py:4180} INFO - Setting next_dagrun for gdp_growth_ml_predictor to 2026-03-01 00:00:00+00:00, run_after=2026-04-01 00:00:00+00:00
[2026-03-05T09:22:09.202+0000] {processor.py:208} INFO - Processing /opt/airflow/dags/ml_gdp_prediction.py took 0.933 seconds
[2026-03-05T09:22:39.483+0000] {processor.py:186} INFO - Started process (PID=822) to work on /opt/airflow/dags/ml_gdp_prediction.py
[2026-03-05T09:22:39.483+0000] {processor.py:914} INFO - Processing file /opt/airflow/dags/ml_gdp_prediction.py for tasks to queue
[2026-03-05T09:22:39.485+0000] {logging_mixin.py:190} INFO - [2026-03-05T09:22:39.485+0000] {dagbag.py:588} INFO - Filling up the DagBag from /opt/airflow/dags/ml_gdp_prediction.py
[2026-03-05T09:22:40.428+0000] {processor.py:925} INFO - DAG(s) 'gdp_growth_ml_predictor' retrieved from /opt/airflow/dags/ml_gdp_prediction.py
[2026-03-05T09:22:40.444+0000] {logging_mixin.py:190} INFO - [2026-03-05T09:22:40.444+0000] {dag.py:3239} INFO - Sync 1 DAGs
[2026-03-05T09:22:40.458+0000] {logging_mixin.py:190} INFO - [2026-03-05T09:22:40.457+0000] {dag.py:4180} INFO - Setting next_dagrun for gdp_growth_ml_predictor to 2026-03-01 00:00:00+00:00, run_after=2026-04-01 00:00:00+00:00
[2026-03-05T09:22:40.471+0000] {processor.py:208} INFO - Processing /opt/airflow/dags/ml_gdp_prediction.py took 0.994 seconds
[2026-03-05T09:23:10.742+0000] {processor.py:186} INFO - Started process (PID=863) to work on /opt/airflow/dags/ml_gdp_prediction.py
[2026-03-05T09:23:10.744+0000] {processor.py:914} INFO - Processing file /opt/airflow/dags/ml_gdp_prediction.py for tasks to queue
[2026-03-05T09:23:10.746+0000] {logging_mixin.py:190} INFO - [2026-03-05T09:23:10.745+0000] {dagbag.py:588} INFO - Filling up the DagBag from /opt/airflow/dags/ml_gdp_prediction.py
[2026-03-05T09:23:11.622+0000] {processor.py:925} INFO - DAG(s) 'gdp_growth_ml_predictor' retrieved from /opt/airflow/dags/ml_gdp_prediction.py
[2026-03-05T09:23:11.638+0000] {logging_mixin.py:190} INFO - [2026-03-05T09:23:11.638+0000] {dag.py:3239} INFO - Sync 1 DAGs
[2026-03-05T09:23:11.652+0000] {logging_mixin.py:190} INFO - [2026-03-05T09:23:11.652+0000] {dag.py:4180} INFO - Setting next_dagrun for gdp_growth_ml_predictor to 2026-03-01 00:00:00+00:00, run_after=2026-04-01 00:00:00+00:00
[2026-03-05T09:23:11.664+0000] {processor.py:208} INFO - Processing /opt/airflow/dags/ml_gdp_prediction.py took 0.928 seconds
[2026-03-05T09:23:41.947+0000] {processor.py:186} INFO - Started process (PID=905) to work on /opt/airflow/dags/ml_gdp_prediction.py
[2026-03-05T09:23:41.948+0000] {processor.py:914} INFO - Processing file /opt/airflow/dags/ml_gdp_prediction.py for tasks to queue
[2026-03-05T09:23:41.950+0000] {logging_mixin.py:190} INFO - [2026-03-05T09:23:41.950+0000] {dagbag.py:588} INFO - Filling up the DagBag from /opt/airflow/dags/ml_gdp_prediction.py
[2026-03-05T09:23:42.873+0000] {processor.py:925} INFO - DAG(s) 'gdp_growth_ml_predictor' retrieved from /opt/airflow/dags/ml_gdp_prediction.py
[2026-03-05T09:23:42.888+0000] {logging_mixin.py:190} INFO - [2026-03-05T09:23:42.888+0000] {dag.py:3239} INFO - Sync 1 DAGs
[2026-03-05T09:23:42.902+0000] {logging_mixin.py:190} INFO - [2026-03-05T09:23:42.902+0000] {dag.py:4180} INFO - Setting next_dagrun for gdp_growth_ml_predictor to 2026-03-01 00:00:00+00:00, run_after=2026-04-01 00:00:00+00:00
[2026-03-05T09:23:42.915+0000] {processor.py:208} INFO - Processing /opt/airflow/dags/ml_gdp_prediction.py took 0.974 seconds
[2026-03-05T09:24:13.200+0000] {processor.py:186} INFO - Started process (PID=947) to work on /opt/airflow/dags/ml_gdp_prediction.py
[2026-03-05T09:24:13.202+0000] {processor.py:914} INFO - Processing file /opt/airflow/dags/ml_gdp_prediction.py for tasks to queue
[2026-03-05T09:24:13.204+0000] {logging_mixin.py:190} INFO - [2026-03-05T09:24:13.203+0000] {dagbag.py:588} INFO - Filling up the DagBag from /opt/airflow/dags/ml_gdp_prediction.py
[2026-03-05T09:24:14.161+0000] {processor.py:925} INFO - DAG(s) 'gdp_growth_ml_predictor' retrieved from /opt/airflow/dags/ml_gdp_prediction.py
[2026-03-05T09:24:14.177+0000] {logging_mixin.py:190} INFO - [2026-03-05T09:24:14.176+0000] {dag.py:3239} INFO - Sync 1 DAGs
[2026-03-05T09:24:14.190+0000] {logging_mixin.py:190} INFO - [2026-03-05T09:24:14.190+0000] {dag.py:4180} INFO - Setting next_dagrun for gdp_growth_ml_predictor to 2026-03-01 00:00:00+00:00, run_after=2026-04-01 00:00:00+00:00
[2026-03-05T09:24:14.203+0000] {processor.py:208} INFO - Processing /opt/airflow/dags/ml_gdp_prediction.py took 1.008 seconds
[2026-03-05T09:24:44.451+0000] {processor.py:186} INFO - Started process (PID=989) to work on /opt/airflow/dags/ml_gdp_prediction.py
[2026-03-05T09:24:44.451+0000] {processor.py:914} INFO - Processing file /opt/airflow/dags/ml_gdp_prediction.py for tasks to queue
[2026-03-05T09:24:44.453+0000] {logging_mixin.py:190} INFO - [2026-03-05T09:24:44.453+0000] {dagbag.py:588} INFO - Filling up the DagBag from /opt/airflow/dags/ml_gdp_prediction.py
[2026-03-05T09:24:45.414+0000] {processor.py:925} INFO - DAG(s) 'gdp_growth_ml_predictor' retrieved from /opt/airflow/dags/ml_gdp_prediction.py
[2026-03-05T09:24:45.431+0000] {logging_mixin.py:190} INFO - [2026-03-05T09:24:45.431+0000] {dag.py:3239} INFO - Sync 1 DAGs
[2026-03-05T09:24:45.445+0000] {logging_mixin.py:190} INFO - [2026-03-05T09:24:45.445+0000] {dag.py:4180} INFO - Setting next_dagrun for gdp_growth_ml_predictor to 2026-03-01 00:00:00+00:00, run_after=2026-04-01 00:00:00+00:00
[2026-03-05T09:24:45.458+0000] {processor.py:208} INFO - Processing /opt/airflow/dags/ml_gdp_prediction.py took 1.013 seconds
[2026-03-05T09:25:15.706+0000] {processor.py:186} INFO - Started process (PID=1069) to work on /opt/airflow/dags/ml_gdp_prediction.py
[2026-03-05T09:25:15.708+0000] {processor.py:914} INFO - Processing file /opt/airflow/dags/ml_gdp_prediction.py for tasks to queue
[2026-03-05T09:25:15.710+0000] {logging_mixin.py:190} INFO - [2026-03-05T09:25:15.709+0000] {dagbag.py:588} INFO - Filling up the DagBag from /opt/airflow/dags/ml_gdp_prediction.py
[2026-03-05T09:25:16.542+0000] {processor.py:925} INFO - DAG(s) 'gdp_growth_ml_predictor' retrieved from /opt/airflow/dags/ml_gdp_prediction.py
[2026-03-05T09:25:16.558+0000] {logging_mixin.py:190} INFO - [2026-03-05T09:25:16.558+0000] {dag.py:3239} INFO - Sync 1 DAGs
[2026-03-05T09:25:16.572+0000] {logging_mixin.py:190} INFO - [2026-03-05T09:25:16.571+0000] {dag.py:4180} INFO - Setting next_dagrun for gdp_growth_ml_predictor to 2026-03-01 00:00:00+00:00, run_after=2026-04-01 00:00:00+00:00
[2026-03-05T09:25:16.585+0000] {processor.py:208} INFO - Processing /opt/airflow/dags/ml_gdp_prediction.py took 0.884 seconds
[2026-03-05T09:25:46.886+0000] {processor.py:186} INFO - Started process (PID=1111) to work on /opt/airflow/dags/ml_gdp_prediction.py
[2026-03-05T09:25:46.887+0000] {processor.py:914} INFO - Processing file /opt/airflow/dags/ml_gdp_prediction.py for tasks to queue
[2026-03-05T09:25:46.889+0000] {logging_mixin.py:190} INFO - [2026-03-05T09:25:46.888+0000] {dagbag.py:588} INFO - Filling up the DagBag from /opt/airflow/dags/ml_gdp_prediction.py
[2026-03-05T09:25:47.846+0000] {processor.py:925} INFO - DAG(s) 'gdp_growth_ml_predictor' retrieved from /opt/airflow/dags/ml_gdp_prediction.py
[2026-03-05T09:25:47.863+0000] {logging_mixin.py:190} INFO - [2026-03-05T09:25:47.863+0000] {dag.py:3239} INFO - Sync 1 DAGs
[2026-03-05T09:25:47.877+0000] {logging_mixin.py:190} INFO - [2026-03-05T09:25:47.877+0000] {dag.py:4180} INFO - Setting next_dagrun for gdp_growth_ml_predictor to 2026-03-01 00:00:00+00:00, run_after=2026-04-01 00:00:00+00:00
[2026-03-05T09:25:47.891+0000] {processor.py:208} INFO - Processing /opt/airflow/dags/ml_gdp_prediction.py took 1.011 seconds
[2026-03-05T09:26:18.156+0000] {processor.py:186} INFO - Started process (PID=1153) to work on /opt/airflow/dags/ml_gdp_prediction.py
[2026-03-05T09:26:18.157+0000] {processor.py:914} INFO - Processing file /opt/airflow/dags/ml_gdp_prediction.py for tasks to queue
[2026-03-05T09:26:18.159+0000] {logging_mixin.py:190} INFO - [2026-03-05T09:26:18.158+0000] {dagbag.py:588} INFO - Filling up the DagBag from /opt/airflow/dags/ml_gdp_prediction.py
[2026-03-05T09:26:19.047+0000] {processor.py:925} INFO - DAG(s) 'gdp_growth_ml_predictor' retrieved from /opt/airflow/dags/ml_gdp_prediction.py
[2026-03-05T09:26:19.062+0000] {logging_mixin.py:190} INFO - [2026-03-05T09:26:19.062+0000] {dag.py:3239} INFO - Sync 1 DAGs
[2026-03-05T09:26:19.075+0000] {logging_mixin.py:190} INFO - [2026-03-05T09:26:19.075+0000] {dag.py:4180} INFO - Setting next_dagrun for gdp_growth_ml_predictor to 2026-03-01 00:00:00+00:00, run_after=2026-04-01 00:00:00+00:00
[2026-03-05T09:26:19.086+0000] {processor.py:208} INFO - Processing /opt/airflow/dags/ml_gdp_prediction.py took 0.936 seconds
[2026-03-05T09:26:49.370+0000] {processor.py:186} INFO - Started process (PID=1195) to work on /opt/airflow/dags/ml_gdp_prediction.py
[2026-03-05T09:26:49.373+0000] {processor.py:914} INFO - Processing file /opt/airflow/dags/ml_gdp_prediction.py for tasks to queue
[2026-03-05T09:26:49.374+0000] {logging_mixin.py:190} INFO - [2026-03-05T09:26:49.374+0000] {dagbag.py:588} INFO - Filling up the DagBag from /opt/airflow/dags/ml_gdp_prediction.py
[2026-03-05T09:26:50.202+0000] {processor.py:925} INFO - DAG(s) 'gdp_growth_ml_predictor' retrieved from /opt/airflow/dags/ml_gdp_prediction.py
[2026-03-05T09:26:50.219+0000] {logging_mixin.py:190} INFO - [2026-03-05T09:26:50.219+0000] {dag.py:3239} INFO - Sync 1 DAGs
[2026-03-05T09:26:50.232+0000] {logging_mixin.py:190} INFO - [2026-03-05T09:26:50.232+0000] {dag.py:4180} INFO - Setting next_dagrun for gdp_growth_ml_predictor to 2026-03-01 00:00:00+00:00, run_after=2026-04-01 00:00:00+00:00
[2026-03-05T09:26:50.246+0000] {processor.py:208} INFO - Processing /opt/airflow/dags/ml_gdp_prediction.py took 0.881 seconds
[2026-03-05T09:27:20.528+0000] {processor.py:186} INFO - Started process (PID=1237) to work on /opt/airflow/dags/ml_gdp_prediction.py
[2026-03-05T09:27:20.528+0000] {processor.py:914} INFO - Processing file /opt/airflow/dags/ml_gdp_prediction.py for tasks to queue
[2026-03-05T09:27:20.530+0000] {logging_mixin.py:190} INFO - [2026-03-05T09:27:20.529+0000] {dagbag.py:588} INFO - Filling up the DagBag from /opt/airflow/dags/ml_gdp_prediction.py
[2026-03-05T09:27:21.389+0000] {processor.py:925} INFO - DAG(s) 'gdp_growth_ml_predictor' retrieved from /opt/airflow/dags/ml_gdp_prediction.py
[2026-03-05T09:27:21.405+0000] {logging_mixin.py:190} INFO - [2026-03-05T09:27:21.404+0000] {dag.py:3239} INFO - Sync 1 DAGs
[2026-03-05T09:27:21.418+0000] {logging_mixin.py:190} INFO - [2026-03-05T09:27:21.418+0000] {dag.py:4180} INFO - Setting next_dagrun for gdp_growth_ml_predictor to 2026-03-01 00:00:00+00:00, run_after=2026-04-01 00:00:00+00:00
[2026-03-05T09:27:21.445+0000] {processor.py:208} INFO - Processing /opt/airflow/dags/ml_gdp_prediction.py took 0.921 seconds
[2026-03-05T09:27:51.727+0000] {processor.py:186} INFO - Started process (PID=1278) to work on /opt/airflow/dags/ml_gdp_prediction.py
[2026-03-05T09:27:51.730+0000] {processor.py:914} INFO - Processing file /opt/airflow/dags/ml_gdp_prediction.py for tasks to queue
[2026-03-05T09:27:51.731+0000] {logging_mixin.py:190} INFO - [2026-03-05T09:27:51.731+0000] {dagbag.py:588} INFO - Filling up the DagBag from /opt/airflow/dags/ml_gdp_prediction.py
[2026-03-05T09:27:52.598+0000] {processor.py:925} INFO - DAG(s) 'gdp_growth_ml_predictor' retrieved from /opt/airflow/dags/ml_gdp_prediction.py
[2026-03-05T09:27:52.616+0000] {logging_mixin.py:190} INFO - [2026-03-05T09:27:52.616+0000] {dag.py:3239} INFO - Sync 1 DAGs
[2026-03-05T09:27:52.631+0000] {logging_mixin.py:190} INFO - [2026-03-05T09:27:52.631+0000] {dag.py:4180} INFO - Setting next_dagrun for gdp_growth_ml_predictor to 2026-03-01 00:00:00+00:00, run_after=2026-04-01 00:00:00+00:00
[2026-03-05T09:27:52.646+0000] {processor.py:208} INFO - Processing /opt/airflow/dags/ml_gdp_prediction.py took 0.922 seconds
[2026-03-05T09:28:22.942+0000] {processor.py:186} INFO - Started process (PID=1320) to work on /opt/airflow/dags/ml_gdp_prediction.py
[2026-03-05T09:28:22.942+0000] {processor.py:914} INFO - Processing file /opt/airflow/dags/ml_gdp_prediction.py for tasks to queue
[2026-03-05T09:28:22.944+0000] {logging_mixin.py:190} INFO - [2026-03-05T09:28:22.943+0000] {dagbag.py:588} INFO - Filling up the DagBag from /opt/airflow/dags/ml_gdp_prediction.py
[2026-03-05T09:28:23.819+0000] {processor.py:925} INFO - DAG(s) 'gdp_growth_ml_predictor' retrieved from /opt/airflow/dags/ml_gdp_prediction.py
[2026-03-05T09:28:23.837+0000] {logging_mixin.py:190} INFO - [2026-03-05T09:28:23.836+0000] {dag.py:3239} INFO - Sync 1 DAGs
[2026-03-05T09:28:23.851+0000] {logging_mixin.py:190} INFO - [2026-03-05T09:28:23.851+0000] {dag.py:4180} INFO - Setting next_dagrun for gdp_growth_ml_predictor to 2026-03-01 00:00:00+00:00, run_after=2026-04-01 00:00:00+00:00
[2026-03-05T09:28:23.865+0000] {processor.py:208} INFO - Processing /opt/airflow/dags/ml_gdp_prediction.py took 0.928 seconds
[2026-03-05T09:28:54.158+0000] {processor.py:186} INFO - Started process (PID=1354) to work on /opt/airflow/dags/ml_gdp_prediction.py
[2026-03-05T09:28:54.161+0000] {processor.py:914} INFO - Processing file /opt/airflow/dags/ml_gdp_prediction.py for tasks to queue
[2026-03-05T09:28:54.163+0000] {logging_mixin.py:190} INFO - [2026-03-05T09:28:54.163+0000] {dagbag.py:588} INFO - Filling up the DagBag from /opt/airflow/dags/ml_gdp_prediction.py
[2026-03-05T09:28:55.116+0000] {processor.py:925} INFO - DAG(s) 'gdp_growth_ml_predictor' retrieved from /opt/airflow/dags/ml_gdp_prediction.py
[2026-03-05T09:28:55.132+0000] {logging_mixin.py:190} INFO - [2026-03-05T09:28:55.132+0000] {dag.py:3239} INFO - Sync 1 DAGs
[2026-03-05T09:28:55.147+0000] {logging_mixin.py:190} INFO - [2026-03-05T09:28:55.147+0000] {dag.py:4180} INFO - Setting next_dagrun for gdp_growth_ml_predictor to 2026-03-01 00:00:00+00:00, run_after=2026-04-01 00:00:00+00:00
[2026-03-05T09:28:55.160+0000] {processor.py:208} INFO - Processing /opt/airflow/dags/ml_gdp_prediction.py took 1.008 seconds
[2026-03-05T09:29:25.423+0000] {processor.py:186} INFO - Started process (PID=1396) to work on /opt/airflow/dags/ml_gdp_prediction.py
[2026-03-05T09:29:25.424+0000] {processor.py:914} INFO - Processing file /opt/airflow/dags/ml_gdp_prediction.py for tasks to queue
[2026-03-05T09:29:25.425+0000] {logging_mixin.py:190} INFO - [2026-03-05T09:29:25.425+0000] {dagbag.py:588} INFO - Filling up the DagBag from /opt/airflow/dags/ml_gdp_prediction.py
[2026-03-05T09:29:26.405+0000] {processor.py:925} INFO - DAG(s) 'gdp_growth_ml_predictor' retrieved from /opt/airflow/dags/ml_gdp_prediction.py
[2026-03-05T09:29:26.420+0000] {logging_mixin.py:190} INFO - [2026-03-05T09:29:26.419+0000] {dag.py:3239} INFO - Sync 1 DAGs
[2026-03-05T09:29:26.432+0000] {logging_mixin.py:190} INFO - [2026-03-05T09:29:26.432+0000] {dag.py:4180} INFO - Setting next_dagrun for gdp_growth_ml_predictor to 2026-03-01 00:00:00+00:00, run_after=2026-04-01 00:00:00+00:00
[2026-03-05T09:29:26.446+0000] {processor.py:208} INFO - Processing /opt/airflow/dags/ml_gdp_prediction.py took 1.028 seconds
[2026-03-05T09:29:56.639+0000] {processor.py:186} INFO - Started process (PID=1438) to work on /opt/airflow/dags/ml_gdp_prediction.py
[2026-03-05T09:29:56.642+0000] {processor.py:914} INFO - Processing file /opt/airflow/dags/ml_gdp_prediction.py for tasks to queue
[2026-03-05T09:29:56.644+0000] {logging_mixin.py:190} INFO - [2026-03-05T09:29:56.643+0000] {dagbag.py:588} INFO - Filling up the DagBag from /opt/airflow/dags/ml_gdp_prediction.py
[2026-03-05T09:29:57.636+0000] {processor.py:925} INFO - DAG(s) 'gdp_growth_ml_predictor' retrieved from /opt/airflow/dags/ml_gdp_prediction.py
[2026-03-05T09:29:57.653+0000] {logging_mixin.py:190} INFO - [2026-03-05T09:29:57.653+0000] {dag.py:3239} INFO - Sync 1 DAGs
[2026-03-05T09:29:57.666+0000] {logging_mixin.py:190} INFO - [2026-03-05T09:29:57.666+0000] {dag.py:4180} INFO - Setting next_dagrun for gdp_growth_ml_predictor to 2026-03-01 00:00:00+00:00, run_after=2026-04-01 00:00:00+00:00
[2026-03-05T09:29:57.680+0000] {processor.py:208} INFO - Processing /opt/airflow/dags/ml_gdp_prediction.py took 1.047 seconds
[2026-03-05T09:30:27.890+0000] {processor.py:186} INFO - Started process (PID=1480) to work on /opt/airflow/dags/ml_gdp_prediction.py
[2026-03-05T09:30:27.891+0000] {processor.py:914} INFO - Processing file /opt/airflow/dags/ml_gdp_prediction.py for tasks to queue
[2026-03-05T09:30:27.892+0000] {logging_mixin.py:190} INFO - [2026-03-05T09:30:27.892+0000] {dagbag.py:588} INFO - Filling up the DagBag from /opt/airflow/dags/ml_gdp_prediction.py
[2026-03-05T09:30:28.875+0000] {processor.py:925} INFO - DAG(s) 'gdp_growth_ml_predictor' retrieved from /opt/airflow/dags/ml_gdp_prediction.py
[2026-03-05T09:30:28.892+0000] {logging_mixin.py:190} INFO - [2026-03-05T09:30:28.892+0000] {dag.py:3239} INFO - Sync 1 DAGs
[2026-03-05T09:30:28.906+0000] {logging_mixin.py:190} INFO - [2026-03-05T09:30:28.906+0000] {dag.py:4180} INFO - Setting next_dagrun for gdp_growth_ml_predictor to 2026-03-01 00:00:00+00:00, run_after=2026-04-01 00:00:00+00:00
[2026-03-05T09:30:28.919+0000] {processor.py:208} INFO - Processing /opt/airflow/dags/ml_gdp_prediction.py took 1.035 seconds
[2026-03-05T09:30:59.141+0000] {processor.py:186} INFO - Started process (PID=1522) to work on /opt/airflow/dags/ml_gdp_prediction.py
[2026-03-05T09:30:59.142+0000] {processor.py:914} INFO - Processing file /opt/airflow/dags/ml_gdp_prediction.py for tasks to queue
[2026-03-05T09:30:59.144+0000] {logging_mixin.py:190} INFO - [2026-03-05T09:30:59.144+0000] {dagbag.py:588} INFO - Filling up the DagBag from /opt/airflow/dags/ml_gdp_prediction.py
[2026-03-05T09:31:00.113+0000] {processor.py:925} INFO - DAG(s) 'gdp_growth_ml_predictor' retrieved from /opt/airflow/dags/ml_gdp_prediction.py
[2026-03-05T09:31:00.129+0000] {logging_mixin.py:190} INFO - [2026-03-05T09:31:00.128+0000] {dag.py:3239} INFO - Sync 1 DAGs
[2026-03-05T09:31:00.142+0000] {logging_mixin.py:190} INFO - [2026-03-05T09:31:00.142+0000] {dag.py:4180} INFO - Setting next_dagrun for gdp_growth_ml_predictor to 2026-03-01 00:00:00+00:00, run_after=2026-04-01 00:00:00+00:00
[2026-03-05T09:31:00.154+0000] {processor.py:208} INFO - Processing /opt/airflow/dags/ml_gdp_prediction.py took 1.019 seconds
[2026-03-05T09:31:30.363+0000] {processor.py:186} INFO - Started process (PID=1564) to work on /opt/airflow/dags/ml_gdp_prediction.py
[2026-03-05T09:31:30.366+0000] {processor.py:914} INFO - Processing file /opt/airflow/dags/ml_gdp_prediction.py for tasks to queue
[2026-03-05T09:31:30.369+0000] {logging_mixin.py:190} INFO - [2026-03-05T09:31:30.369+0000] {dagbag.py:588} INFO - Filling up the DagBag from /opt/airflow/dags/ml_gdp_prediction.py
[2026-03-05T09:31:31.351+0000] {processor.py:925} INFO - DAG(s) 'gdp_growth_ml_predictor' retrieved from /opt/airflow/dags/ml_gdp_prediction.py
[2026-03-05T09:31:31.369+0000] {logging_mixin.py:190} INFO - [2026-03-05T09:31:31.368+0000] {dag.py:3239} INFO - Sync 1 DAGs
[2026-03-05T09:31:31.382+0000] {logging_mixin.py:190} INFO - [2026-03-05T09:31:31.382+0000] {dag.py:4180} INFO - Setting next_dagrun for gdp_growth_ml_predictor to 2026-03-01 00:00:00+00:00, run_after=2026-04-01 00:00:00+00:00
[2026-03-05T09:31:31.395+0000] {processor.py:208} INFO - Processing /opt/airflow/dags/ml_gdp_prediction.py took 1.038 seconds
[2026-03-05T09:32:01.588+0000] {processor.py:186} INFO - Started process (PID=1611) to work on /opt/airflow/dags/ml_gdp_prediction.py
[2026-03-05T09:32:01.588+0000] {processor.py:914} INFO - Processing file /opt/airflow/dags/ml_gdp_prediction.py for tasks to queue
[2026-03-05T09:32:01.590+0000] {logging_mixin.py:190} INFO - [2026-03-05T09:32:01.590+0000] {dagbag.py:588} INFO - Filling up the DagBag from /opt/airflow/dags/ml_gdp_prediction.py
[2026-03-05T09:32:02.553+0000] {processor.py:925} INFO - DAG(s) 'gdp_growth_ml_predictor' retrieved from /opt/airflow/dags/ml_gdp_prediction.py
[2026-03-05T09:32:02.568+0000] {logging_mixin.py:190} INFO - [2026-03-05T09:32:02.568+0000] {dag.py:3239} INFO - Sync 1 DAGs
[2026-03-05T09:32:02.582+0000] {logging_mixin.py:190} INFO - [2026-03-05T09:32:02.582+0000] {dag.py:4180} INFO - Setting next_dagrun for gdp_growth_ml_predictor to 2026-03-01 00:00:00+00:00, run_after=2026-04-01 00:00:00+00:00
[2026-03-05T09:32:02.595+0000] {processor.py:208} INFO - Processing /opt/airflow/dags/ml_gdp_prediction.py took 1.012 seconds
[2026-03-05T09:32:33.267+0000] {processor.py:186} INFO - Started process (PID=1653) to work on /opt/airflow/dags/ml_gdp_prediction.py
[2026-03-05T09:32:33.268+0000] {processor.py:914} INFO - Processing file /opt/airflow/dags/ml_gdp_prediction.py for tasks to queue
[2026-03-05T09:32:33.269+0000] {logging_mixin.py:190} INFO - [2026-03-05T09:32:33.269+0000] {dagbag.py:588} INFO - Filling up the DagBag from /opt/airflow/dags/ml_gdp_prediction.py
[2026-03-05T09:32:34.127+0000] {processor.py:925} INFO - DAG(s) 'gdp_growth_ml_predictor' retrieved from /opt/airflow/dags/ml_gdp_prediction.py
[2026-03-05T09:32:34.143+0000] {logging_mixin.py:190} INFO - [2026-03-05T09:32:34.142+0000] {dag.py:3239} INFO - Sync 1 DAGs
[2026-03-05T09:32:34.156+0000] {logging_mixin.py:190} INFO - [2026-03-05T09:32:34.156+0000] {dag.py:4180} INFO - Setting next_dagrun for gdp_growth_ml_predictor to 2026-03-01 00:00:00+00:00, run_after=2026-04-01 00:00:00+00:00
[2026-03-05T09:32:34.168+0000] {processor.py:208} INFO - Processing /opt/airflow/dags/ml_gdp_prediction.py took 0.905 seconds
[2026-03-05T09:33:04.516+0000] {processor.py:186} INFO - Started process (PID=1733) to work on /opt/airflow/dags/ml_gdp_prediction.py
[2026-03-05T09:33:04.517+0000] {processor.py:914} INFO - Processing file /opt/airflow/dags/ml_gdp_prediction.py for tasks to queue
[2026-03-05T09:33:04.519+0000] {logging_mixin.py:190} INFO - [2026-03-05T09:33:04.519+0000] {dagbag.py:588} INFO - Filling up the DagBag from /opt/airflow/dags/ml_gdp_prediction.py
[2026-03-05T09:33:05.503+0000] {processor.py:925} INFO - DAG(s) 'gdp_growth_ml_predictor' retrieved from /opt/airflow/dags/ml_gdp_prediction.py
[2026-03-05T09:33:05.521+0000] {logging_mixin.py:190} INFO - [2026-03-05T09:33:05.520+0000] {dag.py:3239} INFO - Sync 1 DAGs
[2026-03-05T09:33:05.533+0000] {logging_mixin.py:190} INFO - [2026-03-05T09:33:05.533+0000] {dag.py:4180} INFO - Setting next_dagrun for gdp_growth_ml_predictor to 2026-03-01 00:00:00+00:00, run_after=2026-04-01 00:00:00+00:00
[2026-03-05T09:33:05.543+0000] {processor.py:208} INFO - Processing /opt/airflow/dags/ml_gdp_prediction.py took 1.032 seconds
[2026-03-05T09:33:35.796+0000] {processor.py:186} INFO - Started process (PID=1775) to work on /opt/airflow/dags/ml_gdp_prediction.py
[2026-03-05T09:33:35.799+0000] {processor.py:914} INFO - Processing file /opt/airflow/dags/ml_gdp_prediction.py for tasks to queue
[2026-03-05T09:33:35.802+0000] {logging_mixin.py:190} INFO - [2026-03-05T09:33:35.801+0000] {dagbag.py:588} INFO - Filling up the DagBag from /opt/airflow/dags/ml_gdp_prediction.py
[2026-03-05T09:33:36.736+0000] {processor.py:925} INFO - DAG(s) 'gdp_growth_ml_predictor' retrieved from /opt/airflow/dags/ml_gdp_prediction.py
[2026-03-05T09:33:36.751+0000] {logging_mixin.py:190} INFO - [2026-03-05T09:33:36.751+0000] {dag.py:3239} INFO - Sync 1 DAGs
[2026-03-05T09:33:36.765+0000] {logging_mixin.py:190} INFO - [2026-03-05T09:33:36.765+0000] {dag.py:4180} INFO - Setting next_dagrun for gdp_growth_ml_predictor to 2026-03-01 00:00:00+00:00, run_after=2026-04-01 00:00:00+00:00
[2026-03-05T09:33:36.778+0000] {processor.py:208} INFO - Processing /opt/airflow/dags/ml_gdp_prediction.py took 0.988 seconds
[2026-03-05T09:34:07.170+0000] {processor.py:186} INFO - Started process (PID=1817) to work on /opt/airflow/dags/ml_gdp_prediction.py
[2026-03-05T09:34:07.171+0000] {processor.py:914} INFO - Processing file /opt/airflow/dags/ml_gdp_prediction.py for tasks to queue
[2026-03-05T09:34:07.173+0000] {logging_mixin.py:190} INFO - [2026-03-05T09:34:07.173+0000] {dagbag.py:588} INFO - Filling up the DagBag from /opt/airflow/dags/ml_gdp_prediction.py
[2026-03-05T09:34:08.142+0000] {processor.py:925} INFO - DAG(s) 'gdp_growth_ml_predictor' retrieved from /opt/airflow/dags/ml_gdp_prediction.py
[2026-03-05T09:34:08.158+0000] {logging_mixin.py:190} INFO - [2026-03-05T09:34:08.157+0000] {dag.py:3239} INFO - Sync 1 DAGs
[2026-03-05T09:34:08.171+0000] {logging_mixin.py:190} INFO - [2026-03-05T09:34:08.171+0000] {dag.py:4180} INFO - Setting next_dagrun for gdp_growth_ml_predictor to 2026-03-01 00:00:00+00:00, run_after=2026-04-01 00:00:00+00:00
[2026-03-05T09:34:08.183+0000] {processor.py:208} INFO - Processing /opt/airflow/dags/ml_gdp_prediction.py took 1.019 seconds
[2026-03-05T09:34:38.443+0000] {processor.py:186} INFO - Started process (PID=1859) to work on /opt/airflow/dags/ml_gdp_prediction.py
[2026-03-05T09:34:38.446+0000] {processor.py:914} INFO - Processing file /opt/airflow/dags/ml_gdp_prediction.py for tasks to queue
[2026-03-05T09:34:38.448+0000] {logging_mixin.py:190} INFO - [2026-03-05T09:34:38.448+0000] {dagbag.py:588} INFO - Filling up the DagBag from /opt/airflow/dags/ml_gdp_prediction.py
[2026-03-05T09:34:39.442+0000] {processor.py:925} INFO - DAG(s) 'gdp_growth_ml_predictor' retrieved from /opt/airflow/dags/ml_gdp_prediction.py
[2026-03-05T09:34:39.459+0000] {logging_mixin.py:190} INFO - [2026-03-05T09:34:39.458+0000] {dag.py:3239} INFO - Sync 1 DAGs
[2026-03-05T09:34:39.473+0000] {logging_mixin.py:190} INFO - [2026-03-05T09:34:39.473+0000] {dag.py:4180} INFO - Setting next_dagrun for gdp_growth_ml_predictor to 2026-03-01 00:00:00+00:00, run_after=2026-04-01 00:00:00+00:00
[2026-03-05T09:34:39.485+0000] {processor.py:208} INFO - Processing /opt/airflow/dags/ml_gdp_prediction.py took 1.048 seconds
[2026-03-05T09:35:09.721+0000] {processor.py:186} INFO - Started process (PID=1901) to work on /opt/airflow/dags/ml_gdp_prediction.py
[2026-03-05T09:35:09.721+0000] {processor.py:914} INFO - Processing file /opt/airflow/dags/ml_gdp_prediction.py for tasks to queue
[2026-03-05T09:35:09.723+0000] {logging_mixin.py:190} INFO - [2026-03-05T09:35:09.723+0000] {dagbag.py:588} INFO - Filling up the DagBag from /opt/airflow/dags/ml_gdp_prediction.py
[2026-03-05T09:35:10.666+0000] {processor.py:925} INFO - DAG(s) 'gdp_growth_ml_predictor' retrieved from /opt/airflow/dags/ml_gdp_prediction.py
[2026-03-05T09:35:10.681+0000] {logging_mixin.py:190} INFO - [2026-03-05T09:35:10.681+0000] {dag.py:3239} INFO - Sync 1 DAGs
[2026-03-05T09:35:10.695+0000] {logging_mixin.py:190} INFO - [2026-03-05T09:35:10.695+0000] {dag.py:4180} INFO - Setting next_dagrun for gdp_growth_ml_predictor to 2026-03-01 00:00:00+00:00, run_after=2026-04-01 00:00:00+00:00
[2026-03-05T09:35:10.707+0000] {processor.py:208} INFO - Processing /opt/airflow/dags/ml_gdp_prediction.py took 0.993 seconds
[2026-03-05T09:35:40.977+0000] {processor.py:186} INFO - Started process (PID=1943) to work on /opt/airflow/dags/ml_gdp_prediction.py
[2026-03-05T09:35:40.977+0000] {processor.py:914} INFO - Processing file /opt/airflow/dags/ml_gdp_prediction.py for tasks to queue
[2026-03-05T09:35:40.979+0000] {logging_mixin.py:190} INFO - [2026-03-05T09:35:40.978+0000] {dagbag.py:588} INFO - Filling up the DagBag from /opt/airflow/dags/ml_gdp_prediction.py
[2026-03-05T09:35:41.828+0000] {processor.py:925} INFO - DAG(s) 'gdp_growth_ml_predictor' retrieved from /opt/airflow/dags/ml_gdp_prediction.py
[2026-03-05T09:35:41.845+0000] {logging_mixin.py:190} INFO - [2026-03-05T09:35:41.844+0000] {dag.py:3239} INFO - Sync 1 DAGs
[2026-03-05T09:35:41.858+0000] {logging_mixin.py:190} INFO - [2026-03-05T09:35:41.858+0000] {dag.py:4180} INFO - Setting next_dagrun for gdp_growth_ml_predictor to 2026-03-01 00:00:00+00:00, run_after=2026-04-01 00:00:00+00:00
[2026-03-05T09:35:41.870+0000] {processor.py:208} INFO - Processing /opt/airflow/dags/ml_gdp_prediction.py took 0.899 seconds
[2026-03-05T09:36:12.159+0000] {processor.py:186} INFO - Started process (PID=1985) to work on /opt/airflow/dags/ml_gdp_prediction.py
[2026-03-05T09:36:12.162+0000] {processor.py:914} INFO - Processing file /opt/airflow/dags/ml_gdp_prediction.py for tasks to queue
[2026-03-05T09:36:12.165+0000] {logging_mixin.py:190} INFO - [2026-03-05T09:36:12.164+0000] {dagbag.py:588} INFO - Filling up the DagBag from /opt/airflow/dags/ml_gdp_prediction.py
[2026-03-05T09:36:13.099+0000] {processor.py:925} INFO - DAG(s) 'gdp_growth_ml_predictor' retrieved from /opt/airflow/dags/ml_gdp_prediction.py
[2026-03-05T09:36:13.114+0000] {logging_mixin.py:190} INFO - [2026-03-05T09:36:13.114+0000] {dag.py:3239} INFO - Sync 1 DAGs
[2026-03-05T09:36:13.128+0000] {logging_mixin.py:190} INFO - [2026-03-05T09:36:13.128+0000] {dag.py:4180} INFO - Setting next_dagrun for gdp_growth_ml_predictor to 2026-03-01 00:00:00+00:00, run_after=2026-04-01 00:00:00+00:00
[2026-03-05T09:36:13.255+0000] {processor.py:208} INFO - Processing /opt/airflow/dags/ml_gdp_prediction.py took 1.101 seconds
[2026-03-05T09:36:43.447+0000] {processor.py:186} INFO - Started process (PID=2027) to work on /opt/airflow/dags/ml_gdp_prediction.py
[2026-03-05T09:36:43.448+0000] {processor.py:914} INFO - Processing file /opt/airflow/dags/ml_gdp_prediction.py for tasks to queue
[2026-03-05T09:36:43.450+0000] {logging_mixin.py:190} INFO - [2026-03-05T09:36:43.450+0000] {dagbag.py:588} INFO - Filling up the DagBag from /opt/airflow/dags/ml_gdp_prediction.py
[2026-03-05T09:36:44.446+0000] {processor.py:925} INFO - DAG(s) 'gdp_growth_ml_predictor' retrieved from /opt/airflow/dags/ml_gdp_prediction.py
[2026-03-05T09:36:44.462+0000] {logging_mixin.py:190} INFO - [2026-03-05T09:36:44.462+0000] {dag.py:3239} INFO - Sync 1 DAGs
[2026-03-05T09:36:44.476+0000] {logging_mixin.py:190} INFO - [2026-03-05T09:36:44.476+0000] {dag.py:4180} INFO - Setting next_dagrun for gdp_growth_ml_predictor to 2026-03-01 00:00:00+00:00, run_after=2026-04-01 00:00:00+00:00
[2026-03-05T09:36:44.488+0000] {processor.py:208} INFO - Processing /opt/airflow/dags/ml_gdp_prediction.py took 1.047 seconds
[2026-03-05T09:37:14.717+0000] {processor.py:186} INFO - Started process (PID=2069) to work on /opt/airflow/dags/ml_gdp_prediction.py
[2026-03-05T09:37:14.721+0000] {processor.py:914} INFO - Processing file /opt/airflow/dags/ml_gdp_prediction.py for tasks to queue
[2026-03-05T09:37:14.723+0000] {logging_mixin.py:190} INFO - [2026-03-05T09:37:14.723+0000] {dagbag.py:588} INFO - Filling up the DagBag from /opt/airflow/dags/ml_gdp_prediction.py
[2026-03-05T09:37:15.708+0000] {processor.py:925} INFO - DAG(s) 'gdp_growth_ml_predictor' retrieved from /opt/airflow/dags/ml_gdp_prediction.py
[2026-03-05T09:37:15.724+0000] {logging_mixin.py:190} INFO - [2026-03-05T09:37:15.724+0000] {dag.py:3239} INFO - Sync 1 DAGs
[2026-03-05T09:37:15.738+0000] {logging_mixin.py:190} INFO - [2026-03-05T09:37:15.738+0000] {dag.py:4180} INFO - Setting next_dagrun for gdp_growth_ml_predictor to 2026-03-01 00:00:00+00:00, run_after=2026-04-01 00:00:00+00:00
[2026-03-05T09:37:15.748+0000] {processor.py:208} INFO - Processing /opt/airflow/dags/ml_gdp_prediction.py took 1.037 seconds
[2026-03-05T09:37:45.980+0000] {processor.py:186} INFO - Started process (PID=2111) to work on /opt/airflow/dags/ml_gdp_prediction.py
[2026-03-05T09:37:45.981+0000] {processor.py:914} INFO - Processing file /opt/airflow/dags/ml_gdp_prediction.py for tasks to queue
[2026-03-05T09:37:45.982+0000] {logging_mixin.py:190} INFO - [2026-03-05T09:37:45.982+0000] {dagbag.py:588} INFO - Filling up the DagBag from /opt/airflow/dags/ml_gdp_prediction.py
[2026-03-05T09:37:46.898+0000] {processor.py:925} INFO - DAG(s) 'gdp_growth_ml_predictor' retrieved from /opt/airflow/dags/ml_gdp_prediction.py
[2026-03-05T09:37:46.914+0000] {logging_mixin.py:190} INFO - [2026-03-05T09:37:46.914+0000] {dag.py:3239} INFO - Sync 1 DAGs
[2026-03-05T09:37:46.928+0000] {logging_mixin.py:190} INFO - [2026-03-05T09:37:46.927+0000] {dag.py:4180} INFO - Setting next_dagrun for gdp_growth_ml_predictor to 2026-03-01 00:00:00+00:00, run_after=2026-04-01 00:00:00+00:00
[2026-03-05T09:37:46.941+0000] {processor.py:208} INFO - Processing /opt/airflow/dags/ml_gdp_prediction.py took 0.966 seconds
[2026-03-05T09:38:17.217+0000] {processor.py:186} INFO - Started process (PID=2153) to work on /opt/airflow/dags/ml_gdp_prediction.py
[2026-03-05T09:38:17.219+0000] {processor.py:914} INFO - Processing file /opt/airflow/dags/ml_gdp_prediction.py for tasks to queue
[2026-03-05T09:38:17.220+0000] {logging_mixin.py:190} INFO - [2026-03-05T09:38:17.220+0000] {dagbag.py:588} INFO - Filling up the DagBag from /opt/airflow/dags/ml_gdp_prediction.py
[2026-03-05T09:38:18.248+0000] {processor.py:925} INFO - DAG(s) 'gdp_growth_ml_predictor' retrieved from /opt/airflow/dags/ml_gdp_prediction.py
[2026-03-05T09:38:18.265+0000] {logging_mixin.py:190} INFO - [2026-03-05T09:38:18.264+0000] {dag.py:3239} INFO - Sync 1 DAGs
[2026-03-05T09:38:18.279+0000] {logging_mixin.py:190} INFO - [2026-03-05T09:38:18.278+0000] {dag.py:4180} INFO - Setting next_dagrun for gdp_growth_ml_predictor to 2026-03-01 00:00:00+00:00, run_after=2026-04-01 00:00:00+00:00
[2026-03-05T09:38:18.292+0000] {processor.py:208} INFO - Processing /opt/airflow/dags/ml_gdp_prediction.py took 1.080 seconds
[2026-03-05T09:38:48.450+0000] {processor.py:186} INFO - Started process (PID=2195) to work on /opt/airflow/dags/ml_gdp_prediction.py
[2026-03-05T09:38:48.451+0000] {processor.py:914} INFO - Processing file /opt/airflow/dags/ml_gdp_prediction.py for tasks to queue
[2026-03-05T09:38:48.454+0000] {logging_mixin.py:190} INFO - [2026-03-05T09:38:48.453+0000] {dagbag.py:588} INFO - Filling up the DagBag from /opt/airflow/dags/ml_gdp_prediction.py
[2026-03-05T09:38:49.430+0000] {processor.py:925} INFO - DAG(s) 'gdp_growth_ml_predictor' retrieved from /opt/airflow/dags/ml_gdp_prediction.py
[2026-03-05T09:38:49.447+0000] {logging_mixin.py:190} INFO - [2026-03-05T09:38:49.446+0000] {dag.py:3239} INFO - Sync 1 DAGs
[2026-03-05T09:38:49.461+0000] {logging_mixin.py:190} INFO - [2026-03-05T09:38:49.461+0000] {dag.py:4180} INFO - Setting next_dagrun for gdp_growth_ml_predictor to 2026-03-01 00:00:00+00:00, run_after=2026-04-01 00:00:00+00:00
[2026-03-05T09:38:49.474+0000] {processor.py:208} INFO - Processing /opt/airflow/dags/ml_gdp_prediction.py took 1.029 seconds
[2026-03-05T09:39:19.722+0000] {processor.py:186} INFO - Started process (PID=2237) to work on /opt/airflow/dags/ml_gdp_prediction.py
[2026-03-05T09:39:19.724+0000] {processor.py:914} INFO - Processing file /opt/airflow/dags/ml_gdp_prediction.py for tasks to queue
[2026-03-05T09:39:19.727+0000] {logging_mixin.py:190} INFO - [2026-03-05T09:39:19.726+0000] {dagbag.py:588} INFO - Filling up the DagBag from /opt/airflow/dags/ml_gdp_prediction.py
[2026-03-05T09:39:20.699+0000] {processor.py:925} INFO - DAG(s) 'gdp_growth_ml_predictor' retrieved from /opt/airflow/dags/ml_gdp_prediction.py
[2026-03-05T09:39:20.716+0000] {logging_mixin.py:190} INFO - [2026-03-05T09:39:20.716+0000] {dag.py:3239} INFO - Sync 1 DAGs
[2026-03-05T09:39:20.731+0000] {logging_mixin.py:190} INFO - [2026-03-05T09:39:20.730+0000] {dag.py:4180} INFO - Setting next_dagrun for gdp_growth_ml_predictor to 2026-03-01 00:00:00+00:00, run_after=2026-04-01 00:00:00+00:00
[2026-03-05T09:39:20.744+0000] {processor.py:208} INFO - Processing /opt/airflow/dags/ml_gdp_prediction.py took 1.029 seconds
[2026-03-05T09:39:50.969+0000] {processor.py:186} INFO - Started process (PID=2279) to work on /opt/airflow/dags/ml_gdp_prediction.py
[2026-03-05T09:39:50.969+0000] {processor.py:914} INFO - Processing file /opt/airflow/dags/ml_gdp_prediction.py for tasks to queue
[2026-03-05T09:39:50.971+0000] {logging_mixin.py:190} INFO - [2026-03-05T09:39:50.971+0000] {dagbag.py:588} INFO - Filling up the DagBag from /opt/airflow/dags/ml_gdp_prediction.py
[2026-03-05T09:39:51.857+0000] {processor.py:925} INFO - DAG(s) 'gdp_growth_ml_predictor' retrieved from /opt/airflow/dags/ml_gdp_prediction.py
[2026-03-05T09:39:51.992+0000] {logging_mixin.py:190} INFO - [2026-03-05T09:39:51.991+0000] {dag.py:3239} INFO - Sync 1 DAGs
[2026-03-05T09:39:52.005+0000] {logging_mixin.py:190} INFO - [2026-03-05T09:39:52.004+0000] {dag.py:4180} INFO - Setting next_dagrun for gdp_growth_ml_predictor to 2026-03-01 00:00:00+00:00, run_after=2026-04-01 00:00:00+00:00
[2026-03-05T09:39:52.123+0000] {processor.py:208} INFO - Processing /opt/airflow/dags/ml_gdp_prediction.py took 1.160 seconds
[2026-03-05T09:40:22.241+0000] {processor.py:186} INFO - Started process (PID=2327) to work on /opt/airflow/dags/ml_gdp_prediction.py
[2026-03-05T09:40:22.244+0000] {processor.py:914} INFO - Processing file /opt/airflow/dags/ml_gdp_prediction.py for tasks to queue
[2026-03-05T09:40:22.246+0000] {logging_mixin.py:190} INFO - [2026-03-05T09:40:22.246+0000] {dagbag.py:588} INFO - Filling up the DagBag from /opt/airflow/dags/ml_gdp_prediction.py
[2026-03-05T09:40:23.102+0000] {processor.py:925} INFO - DAG(s) 'gdp_growth_ml_predictor' retrieved from /opt/airflow/dags/ml_gdp_prediction.py
[2026-03-05T09:40:23.118+0000] {logging_mixin.py:190} INFO - [2026-03-05T09:40:23.118+0000] {dag.py:3239} INFO - Sync 1 DAGs
[2026-03-05T09:40:23.295+0000] {logging_mixin.py:190} INFO - [2026-03-05T09:40:23.295+0000] {dag.py:4180} INFO - Setting next_dagrun for gdp_growth_ml_predictor to 2026-03-01 00:00:00+00:00, run_after=2026-04-01 00:00:00+00:00
[2026-03-05T09:40:23.308+0000] {processor.py:208} INFO - Processing /opt/airflow/dags/ml_gdp_prediction.py took 1.073 seconds
[2026-03-05T09:40:53.498+0000] {processor.py:186} INFO - Started process (PID=2375) to work on /opt/airflow/dags/ml_gdp_prediction.py
[2026-03-05T09:40:53.501+0000] {processor.py:914} INFO - Processing file /opt/airflow/dags/ml_gdp_prediction.py for tasks to queue
[2026-03-05T09:40:53.503+0000] {logging_mixin.py:190} INFO - [2026-03-05T09:40:53.503+0000] {dagbag.py:588} INFO - Filling up the DagBag from /opt/airflow/dags/ml_gdp_prediction.py
[2026-03-05T09:40:54.500+0000] {processor.py:925} INFO - DAG(s) 'gdp_growth_ml_predictor' retrieved from /opt/airflow/dags/ml_gdp_prediction.py
[2026-03-05T09:40:54.517+0000] {logging_mixin.py:190} INFO - [2026-03-05T09:40:54.516+0000] {dag.py:3239} INFO - Sync 1 DAGs
[2026-03-05T09:40:54.529+0000] {logging_mixin.py:190} INFO - [2026-03-05T09:40:54.529+0000] {dag.py:4180} INFO - Setting next_dagrun for gdp_growth_ml_predictor to 2026-03-01 00:00:00+00:00, run_after=2026-04-01 00:00:00+00:00
[2026-03-05T09:40:54.542+0000] {processor.py:208} INFO - Processing /opt/airflow/dags/ml_gdp_prediction.py took 1.050 seconds
[2026-03-05T09:41:24.754+0000] {processor.py:186} INFO - Started process (PID=2417) to work on /opt/airflow/dags/ml_gdp_prediction.py
[2026-03-05T09:41:24.766+0000] {processor.py:914} INFO - Processing file /opt/airflow/dags/ml_gdp_prediction.py for tasks to queue
[2026-03-05T09:41:24.768+0000] {logging_mixin.py:190} INFO - [2026-03-05T09:41:24.768+0000] {dagbag.py:588} INFO - Filling up the DagBag from /opt/airflow/dags/ml_gdp_prediction.py
[2026-03-05T09:41:25.626+0000] {processor.py:925} INFO - DAG(s) 'gdp_growth_ml_predictor' retrieved from /opt/airflow/dags/ml_gdp_prediction.py
[2026-03-05T09:41:25.642+0000] {logging_mixin.py:190} INFO - [2026-03-05T09:41:25.642+0000] {dag.py:3239} INFO - Sync 1 DAGs
[2026-03-05T09:41:25.773+0000] {logging_mixin.py:190} INFO - [2026-03-05T09:41:25.773+0000] {dag.py:4180} INFO - Setting next_dagrun for gdp_growth_ml_predictor to 2026-03-01 00:00:00+00:00, run_after=2026-04-01 00:00:00+00:00
[2026-03-05T09:41:25.799+0000] {processor.py:208} INFO - Processing /opt/airflow/dags/ml_gdp_prediction.py took 1.050 seconds
[2026-03-05T09:41:56.008+0000] {processor.py:186} INFO - Started process (PID=2459) to work on /opt/airflow/dags/ml_gdp_prediction.py
[2026-03-05T09:41:56.008+0000] {processor.py:914} INFO - Processing file /opt/airflow/dags/ml_gdp_prediction.py for tasks to queue
[2026-03-05T09:41:56.010+0000] {logging_mixin.py:190} INFO - [2026-03-05T09:41:56.010+0000] {dagbag.py:588} INFO - Filling up the DagBag from /opt/airflow/dags/ml_gdp_prediction.py
[2026-03-05T09:41:57.099+0000] {processor.py:925} INFO - DAG(s) 'gdp_growth_ml_predictor' retrieved from /opt/airflow/dags/ml_gdp_prediction.py
[2026-03-05T09:41:57.114+0000] {logging_mixin.py:190} INFO - [2026-03-05T09:41:57.114+0000] {dag.py:3239} INFO - Sync 1 DAGs
[2026-03-05T09:41:57.127+0000] {logging_mixin.py:190} INFO - [2026-03-05T09:41:57.127+0000] {dag.py:4180} INFO - Setting next_dagrun for gdp_growth_ml_predictor to 2026-03-01 00:00:00+00:00, run_after=2026-04-01 00:00:00+00:00
[2026-03-05T09:41:57.139+0000] {processor.py:208} INFO - Processing /opt/airflow/dags/ml_gdp_prediction.py took 1.138 seconds
[2026-03-05T09:42:27.263+0000] {processor.py:186} INFO - Started process (PID=2501) to work on /opt/airflow/dags/ml_gdp_prediction.py
[2026-03-05T09:42:27.264+0000] {processor.py:914} INFO - Processing file /opt/airflow/dags/ml_gdp_prediction.py for tasks to queue
[2026-03-05T09:42:27.265+0000] {logging_mixin.py:190} INFO - [2026-03-05T09:42:27.265+0000] {dagbag.py:588} INFO - Filling up the DagBag from /opt/airflow/dags/ml_gdp_prediction.py
[2026-03-05T09:42:28.285+0000] {processor.py:925} INFO - DAG(s) 'gdp_growth_ml_predictor' retrieved from /opt/airflow/dags/ml_gdp_prediction.py
[2026-03-05T09:42:28.303+0000] {logging_mixin.py:190} INFO - [2026-03-05T09:42:28.302+0000] {dag.py:3239} INFO - Sync 1 DAGs
[2026-03-05T09:42:28.317+0000] {logging_mixin.py:190} INFO - [2026-03-05T09:42:28.317+0000] {dag.py:4180} INFO - Setting next_dagrun for gdp_growth_ml_predictor to 2026-03-01 00:00:00+00:00, run_after=2026-04-01 00:00:00+00:00
[2026-03-05T09:42:28.330+0000] {processor.py:208} INFO - Processing /opt/airflow/dags/ml_gdp_prediction.py took 1.073 seconds
[2026-03-05T09:42:58.474+0000] {processor.py:186} INFO - Started process (PID=2538) to work on /opt/airflow/dags/ml_gdp_prediction.py
[2026-03-05T09:42:58.476+0000] {processor.py:914} INFO - Processing file /opt/airflow/dags/ml_gdp_prediction.py for tasks to queue
[2026-03-05T09:42:58.477+0000] {logging_mixin.py:190} INFO - [2026-03-05T09:42:58.476+0000] {dagbag.py:588} INFO - Filling up the DagBag from /opt/airflow/dags/ml_gdp_prediction.py
[2026-03-05T09:43:00.211+0000] {processor.py:925} INFO - DAG(s) 'gdp_growth_ml_predictor' retrieved from /opt/airflow/dags/ml_gdp_prediction.py
[2026-03-05T09:43:00.229+0000] {logging_mixin.py:190} INFO - [2026-03-05T09:43:00.228+0000] {dag.py:3239} INFO - Sync 1 DAGs
[2026-03-05T09:43:00.244+0000] {logging_mixin.py:190} INFO - [2026-03-05T09:43:00.244+0000] {dag.py:4180} INFO - Setting next_dagrun for gdp_growth_ml_predictor to 2026-03-01 00:00:00+00:00, run_after=2026-04-01 00:00:00+00:00
[2026-03-05T09:43:00.255+0000] {processor.py:208} INFO - Processing /opt/airflow/dags/ml_gdp_prediction.py took 1.786 seconds
[2026-03-05T09:43:30.440+0000] {processor.py:186} INFO - Started process (PID=2610) to work on /opt/airflow/dags/ml_gdp_prediction.py
[2026-03-05T09:43:30.456+0000] {processor.py:914} INFO - Processing file /opt/airflow/dags/ml_gdp_prediction.py for tasks to queue
[2026-03-05T09:43:30.457+0000] {logging_mixin.py:190} INFO - [2026-03-05T09:43:30.456+0000] {dagbag.py:588} INFO - Filling up the DagBag from /opt/airflow/dags/ml_gdp_prediction.py
[2026-03-05T09:43:31.432+0000] {processor.py:925} INFO - DAG(s) 'gdp_growth_ml_predictor' retrieved from /opt/airflow/dags/ml_gdp_prediction.py
[2026-03-05T09:43:31.448+0000] {logging_mixin.py:190} INFO - [2026-03-05T09:43:31.447+0000] {dag.py:3239} INFO - Sync 1 DAGs
[2026-03-05T09:43:31.463+0000] {logging_mixin.py:190} INFO - [2026-03-05T09:43:31.462+0000] {dag.py:4180} INFO - Setting next_dagrun for gdp_growth_ml_predictor to 2026-03-01 00:00:00+00:00, run_after=2026-04-01 00:00:00+00:00
[2026-03-05T09:43:31.676+0000] {processor.py:208} INFO - Processing /opt/airflow/dags/ml_gdp_prediction.py took 1.239 seconds
[2026-03-05T09:44:01.849+0000] {processor.py:186} INFO - Started process (PID=2647) to work on /opt/airflow/dags/ml_gdp_prediction.py
[2026-03-05T09:44:02.287+0000] {processor.py:914} INFO - Processing file /opt/airflow/dags/ml_gdp_prediction.py for tasks to queue
[2026-03-05T09:44:02.289+0000] {logging_mixin.py:190} INFO - [2026-03-05T09:44:02.288+0000] {dagbag.py:588} INFO - Filling up the DagBag from /opt/airflow/dags/ml_gdp_prediction.py
[2026-03-05T09:44:03.235+0000] {processor.py:925} INFO - DAG(s) 'gdp_growth_ml_predictor' retrieved from /opt/airflow/dags/ml_gdp_prediction.py
[2026-03-05T09:44:03.251+0000] {logging_mixin.py:190} INFO - [2026-03-05T09:44:03.251+0000] {dag.py:3239} INFO - Sync 1 DAGs
[2026-03-05T09:44:03.265+0000] {logging_mixin.py:190} INFO - [2026-03-05T09:44:03.265+0000] {dag.py:4180} INFO - Setting next_dagrun for gdp_growth_ml_predictor to 2026-03-01 00:00:00+00:00, run_after=2026-04-01 00:00:00+00:00
[2026-03-05T09:44:03.726+0000] {processor.py:208} INFO - Processing /opt/airflow/dags/ml_gdp_prediction.py took 1.883 seconds
[2026-03-05T09:44:33.995+0000] {processor.py:186} INFO - Started process (PID=2684) to work on /opt/airflow/dags/ml_gdp_prediction.py
[2026-03-05T09:44:34.352+0000] {processor.py:914} INFO - Processing file /opt/airflow/dags/ml_gdp_prediction.py for tasks to queue
[2026-03-05T09:44:34.353+0000] {logging_mixin.py:190} INFO - [2026-03-05T09:44:34.353+0000] {dagbag.py:588} INFO - Filling up the DagBag from /opt/airflow/dags/ml_gdp_prediction.py
[2026-03-05T09:44:35.291+0000] {processor.py:925} INFO - DAG(s) 'gdp_growth_ml_predictor' retrieved from /opt/airflow/dags/ml_gdp_prediction.py
[2026-03-05T09:44:35.307+0000] {logging_mixin.py:190} INFO - [2026-03-05T09:44:35.306+0000] {dag.py:3239} INFO - Sync 1 DAGs
[2026-03-05T09:44:35.322+0000] {logging_mixin.py:190} INFO - [2026-03-05T09:44:35.321+0000] {dag.py:4180} INFO - Setting next_dagrun for gdp_growth_ml_predictor to 2026-03-01 00:00:00+00:00, run_after=2026-04-01 00:00:00+00:00
[2026-03-05T09:44:35.990+0000] {processor.py:208} INFO - Processing /opt/airflow/dags/ml_gdp_prediction.py took 2.000 seconds
[2026-03-05T09:45:06.179+0000] {processor.py:186} INFO - Started process (PID=2721) to work on /opt/airflow/dags/ml_gdp_prediction.py
[2026-03-05T09:45:06.392+0000] {processor.py:914} INFO - Processing file /opt/airflow/dags/ml_gdp_prediction.py for tasks to queue
[2026-03-05T09:45:06.393+0000] {logging_mixin.py:190} INFO - [2026-03-05T09:45:06.393+0000] {dagbag.py:588} INFO - Filling up the DagBag from /opt/airflow/dags/ml_gdp_prediction.py
[2026-03-05T09:45:07.324+0000] {processor.py:925} INFO - DAG(s) 'gdp_growth_ml_predictor' retrieved from /opt/airflow/dags/ml_gdp_prediction.py
[2026-03-05T09:45:07.342+0000] {logging_mixin.py:190} INFO - [2026-03-05T09:45:07.342+0000] {dag.py:3239} INFO - Sync 1 DAGs
[2026-03-05T09:45:07.356+0000] {logging_mixin.py:190} INFO - [2026-03-05T09:45:07.356+0000] {dag.py:4180} INFO - Setting next_dagrun for gdp_growth_ml_predictor to 2026-03-01 00:00:00+00:00, run_after=2026-04-01 00:00:00+00:00
[2026-03-05T09:45:07.518+0000] {processor.py:208} INFO - Processing /opt/airflow/dags/ml_gdp_prediction.py took 1.343 seconds
[2026-03-05T09:45:37.671+0000] {processor.py:186} INFO - Started process (PID=2750) to work on /opt/airflow/dags/ml_gdp_prediction.py
[2026-03-05T09:45:37.687+0000] {processor.py:914} INFO - Processing file /opt/airflow/dags/ml_gdp_prediction.py for tasks to queue
[2026-03-05T09:45:37.688+0000] {logging_mixin.py:190} INFO - [2026-03-05T09:45:37.688+0000] {dagbag.py:588} INFO - Filling up the DagBag from /opt/airflow/dags/ml_gdp_prediction.py
[2026-03-05T09:45:38.695+0000] {processor.py:925} INFO - DAG(s) 'gdp_growth_ml_predictor' retrieved from /opt/airflow/dags/ml_gdp_prediction.py
[2026-03-05T09:45:38.713+0000] {logging_mixin.py:190} INFO - [2026-03-05T09:45:38.713+0000] {dag.py:3239} INFO - Sync 1 DAGs
[2026-03-05T09:45:38.728+0000] {logging_mixin.py:190} INFO - [2026-03-05T09:45:38.728+0000] {dag.py:4180} INFO - Setting next_dagrun for gdp_growth_ml_predictor to 2026-03-01 00:00:00+00:00, run_after=2026-04-01 00:00:00+00:00
[2026-03-05T09:45:38.880+0000] {processor.py:208} INFO - Processing /opt/airflow/dags/ml_gdp_prediction.py took 1.213 seconds
[2026-03-05T09:46:09.433+0000] {processor.py:186} INFO - Started process (PID=2787) to work on /opt/airflow/dags/ml_gdp_prediction.py
[2026-03-05T09:46:09.456+0000] {processor.py:914} INFO - Processing file /opt/airflow/dags/ml_gdp_prediction.py for tasks to queue
[2026-03-05T09:46:09.457+0000] {logging_mixin.py:190} INFO - [2026-03-05T09:46:09.457+0000] {dagbag.py:588} INFO - Filling up the DagBag from /opt/airflow/dags/ml_gdp_prediction.py
[2026-03-05T09:46:10.536+0000] {processor.py:925} INFO - DAG(s) 'gdp_growth_ml_predictor' retrieved from /opt/airflow/dags/ml_gdp_prediction.py
[2026-03-05T09:46:10.553+0000] {logging_mixin.py:190} INFO - [2026-03-05T09:46:10.553+0000] {dag.py:3239} INFO - Sync 1 DAGs
[2026-03-05T09:46:10.568+0000] {logging_mixin.py:190} INFO - [2026-03-05T09:46:10.567+0000] {dag.py:4180} INFO - Setting next_dagrun for gdp_growth_ml_predictor to 2026-03-01 00:00:00+00:00, run_after=2026-04-01 00:00:00+00:00
[2026-03-05T09:46:10.634+0000] {processor.py:208} INFO - Processing /opt/airflow/dags/ml_gdp_prediction.py took 1.207 seconds
[2026-03-05T09:46:40.801+0000] {processor.py:186} INFO - Started process (PID=2823) to work on /opt/airflow/dags/ml_gdp_prediction.py
[2026-03-05T09:46:40.805+0000] {processor.py:914} INFO - Processing file /opt/airflow/dags/ml_gdp_prediction.py for tasks to queue
[2026-03-05T09:46:40.807+0000] {logging_mixin.py:190} INFO - [2026-03-05T09:46:40.806+0000] {dagbag.py:588} INFO - Filling up the DagBag from /opt/airflow/dags/ml_gdp_prediction.py
[2026-03-05T09:46:41.797+0000] {processor.py:925} INFO - DAG(s) 'gdp_growth_ml_predictor' retrieved from /opt/airflow/dags/ml_gdp_prediction.py
[2026-03-05T09:46:41.813+0000] {logging_mixin.py:190} INFO - [2026-03-05T09:46:41.813+0000] {dag.py:3239} INFO - Sync 1 DAGs
[2026-03-05T09:46:41.827+0000] {logging_mixin.py:190} INFO - [2026-03-05T09:46:41.827+0000] {dag.py:4180} INFO - Setting next_dagrun for gdp_growth_ml_predictor to 2026-03-01 00:00:00+00:00, run_after=2026-04-01 00:00:00+00:00
[2026-03-05T09:46:41.836+0000] {processor.py:208} INFO - Processing /opt/airflow/dags/ml_gdp_prediction.py took 1.040 seconds
[2026-03-05T09:47:11.989+0000] {processor.py:186} INFO - Started process (PID=2860) to work on /opt/airflow/dags/ml_gdp_prediction.py
[2026-03-05T09:47:11.990+0000] {processor.py:914} INFO - Processing file /opt/airflow/dags/ml_gdp_prediction.py for tasks to queue
[2026-03-05T09:47:11.991+0000] {logging_mixin.py:190} INFO - [2026-03-05T09:47:11.991+0000] {dagbag.py:588} INFO - Filling up the DagBag from /opt/airflow/dags/ml_gdp_prediction.py
[2026-03-05T09:47:13.085+0000] {processor.py:925} INFO - DAG(s) 'gdp_growth_ml_predictor' retrieved from /opt/airflow/dags/ml_gdp_prediction.py
[2026-03-05T09:47:13.100+0000] {logging_mixin.py:190} INFO - [2026-03-05T09:47:13.100+0000] {dag.py:3239} INFO - Sync 1 DAGs
[2026-03-05T09:47:13.115+0000] {logging_mixin.py:190} INFO - [2026-03-05T09:47:13.114+0000] {dag.py:4180} INFO - Setting next_dagrun for gdp_growth_ml_predictor to 2026-03-01 00:00:00+00:00, run_after=2026-04-01 00:00:00+00:00
[2026-03-05T09:47:13.130+0000] {processor.py:208} INFO - Processing /opt/airflow/dags/ml_gdp_prediction.py took 1.147 seconds
[2026-03-05T09:47:43.295+0000] {processor.py:186} INFO - Started process (PID=2897) to work on /opt/airflow/dags/ml_gdp_prediction.py
[2026-03-05T09:47:43.307+0000] {processor.py:914} INFO - Processing file /opt/airflow/dags/ml_gdp_prediction.py for tasks to queue
[2026-03-05T09:47:43.308+0000] {logging_mixin.py:190} INFO - [2026-03-05T09:47:43.308+0000] {dagbag.py:588} INFO - Filling up the DagBag from /opt/airflow/dags/ml_gdp_prediction.py
[2026-03-05T09:47:44.315+0000] {processor.py:925} INFO - DAG(s) 'gdp_growth_ml_predictor' retrieved from /opt/airflow/dags/ml_gdp_prediction.py
[2026-03-05T09:47:44.333+0000] {logging_mixin.py:190} INFO - [2026-03-05T09:47:44.333+0000] {dag.py:3239} INFO - Sync 1 DAGs
[2026-03-05T09:47:44.346+0000] {logging_mixin.py:190} INFO - [2026-03-05T09:47:44.346+0000] {dag.py:4180} INFO - Setting next_dagrun for gdp_growth_ml_predictor to 2026-03-01 00:00:00+00:00, run_after=2026-04-01 00:00:00+00:00
[2026-03-05T09:47:44.369+0000] {processor.py:208} INFO - Processing /opt/airflow/dags/ml_gdp_prediction.py took 1.080 seconds
[2026-03-05T09:48:14.549+0000] {processor.py:186} INFO - Started process (PID=2934) to work on /opt/airflow/dags/ml_gdp_prediction.py
[2026-03-05T09:48:14.549+0000] {processor.py:914} INFO - Processing file /opt/airflow/dags/ml_gdp_prediction.py for tasks to queue
[2026-03-05T09:48:14.550+0000] {logging_mixin.py:190} INFO - [2026-03-05T09:48:14.550+0000] {dagbag.py:588} INFO - Filling up the DagBag from /opt/airflow/dags/ml_gdp_prediction.py
[2026-03-05T09:48:15.659+0000] {processor.py:925} INFO - DAG(s) 'gdp_growth_ml_predictor' retrieved from /opt/airflow/dags/ml_gdp_prediction.py
[2026-03-05T09:48:15.675+0000] {logging_mixin.py:190} INFO - [2026-03-05T09:48:15.674+0000] {dag.py:3239} INFO - Sync 1 DAGs
[2026-03-05T09:48:15.689+0000] {logging_mixin.py:190} INFO - [2026-03-05T09:48:15.689+0000] {dag.py:4180} INFO - Setting next_dagrun for gdp_growth_ml_predictor to 2026-03-01 00:00:00+00:00, run_after=2026-04-01 00:00:00+00:00
[2026-03-05T09:48:15.716+0000] {processor.py:208} INFO - Processing /opt/airflow/dags/ml_gdp_prediction.py took 1.173 seconds
[2026-03-05T09:48:45.887+0000] {processor.py:186} INFO - Started process (PID=2971) to work on /opt/airflow/dags/ml_gdp_prediction.py
[2026-03-05T09:48:45.900+0000] {processor.py:914} INFO - Processing file /opt/airflow/dags/ml_gdp_prediction.py for tasks to queue
[2026-03-05T09:48:45.901+0000] {logging_mixin.py:190} INFO - [2026-03-05T09:48:45.901+0000] {dagbag.py:588} INFO - Filling up the DagBag from /opt/airflow/dags/ml_gdp_prediction.py
[2026-03-05T09:48:46.932+0000] {processor.py:925} INFO - DAG(s) 'gdp_growth_ml_predictor' retrieved from /opt/airflow/dags/ml_gdp_prediction.py
[2026-03-05T09:48:46.949+0000] {logging_mixin.py:190} INFO - [2026-03-05T09:48:46.949+0000] {dag.py:3239} INFO - Sync 1 DAGs
[2026-03-05T09:48:46.963+0000] {logging_mixin.py:190} INFO - [2026-03-05T09:48:46.963+0000] {dag.py:4180} INFO - Setting next_dagrun for gdp_growth_ml_predictor to 2026-03-01 00:00:00+00:00, run_after=2026-04-01 00:00:00+00:00
[2026-03-05T09:48:46.980+0000] {processor.py:208} INFO - Processing /opt/airflow/dags/ml_gdp_prediction.py took 1.100 seconds
[2026-03-05T09:49:17.153+0000] {processor.py:186} INFO - Started process (PID=3008) to work on /opt/airflow/dags/ml_gdp_prediction.py
[2026-03-05T09:49:17.153+0000] {processor.py:914} INFO - Processing file /opt/airflow/dags/ml_gdp_prediction.py for tasks to queue
[2026-03-05T09:49:17.154+0000] {logging_mixin.py:190} INFO - [2026-03-05T09:49:17.154+0000] {dagbag.py:588} INFO - Filling up the DagBag from /opt/airflow/dags/ml_gdp_prediction.py
[2026-03-05T09:49:18.207+0000] {processor.py:925} INFO - DAG(s) 'gdp_growth_ml_predictor' retrieved from /opt/airflow/dags/ml_gdp_prediction.py
[2026-03-05T09:49:18.223+0000] {logging_mixin.py:190} INFO - [2026-03-05T09:49:18.222+0000] {dag.py:3239} INFO - Sync 1 DAGs
[2026-03-05T09:49:18.237+0000] {logging_mixin.py:190} INFO - [2026-03-05T09:49:18.237+0000] {dag.py:4180} INFO - Setting next_dagrun for gdp_growth_ml_predictor to 2026-03-01 00:00:00+00:00, run_after=2026-04-01 00:00:00+00:00
[2026-03-05T09:49:18.246+0000] {processor.py:208} INFO - Processing /opt/airflow/dags/ml_gdp_prediction.py took 1.100 seconds
[2026-03-05T09:49:48.415+0000] {processor.py:186} INFO - Started process (PID=3045) to work on /opt/airflow/dags/ml_gdp_prediction.py
[2026-03-05T09:49:48.416+0000] {processor.py:914} INFO - Processing file /opt/airflow/dags/ml_gdp_prediction.py for tasks to queue
[2026-03-05T09:49:48.417+0000] {logging_mixin.py:190} INFO - [2026-03-05T09:49:48.416+0000] {dagbag.py:588} INFO - Filling up the DagBag from /opt/airflow/dags/ml_gdp_prediction.py
[2026-03-05T09:49:49.400+0000] {processor.py:925} INFO - DAG(s) 'gdp_growth_ml_predictor' retrieved from /opt/airflow/dags/ml_gdp_prediction.py
[2026-03-05T09:49:49.416+0000] {logging_mixin.py:190} INFO - [2026-03-05T09:49:49.415+0000] {dag.py:3239} INFO - Sync 1 DAGs
[2026-03-05T09:49:49.431+0000] {logging_mixin.py:190} INFO - [2026-03-05T09:49:49.430+0000] {dag.py:4180} INFO - Setting next_dagrun for gdp_growth_ml_predictor to 2026-03-01 00:00:00+00:00, run_after=2026-04-01 00:00:00+00:00
[2026-03-05T09:49:49.444+0000] {processor.py:208} INFO - Processing /opt/airflow/dags/ml_gdp_prediction.py took 1.034 seconds
[2026-03-05T09:50:19.615+0000] {processor.py:186} INFO - Started process (PID=3082) to work on /opt/airflow/dags/ml_gdp_prediction.py
[2026-03-05T09:50:19.616+0000] {processor.py:914} INFO - Processing file /opt/airflow/dags/ml_gdp_prediction.py for tasks to queue
[2026-03-05T09:50:19.617+0000] {logging_mixin.py:190} INFO - [2026-03-05T09:50:19.617+0000] {dagbag.py:588} INFO - Filling up the DagBag from /opt/airflow/dags/ml_gdp_prediction.py
[2026-03-05T09:50:20.675+0000] {processor.py:925} INFO - DAG(s) 'gdp_growth_ml_predictor' retrieved from /opt/airflow/dags/ml_gdp_prediction.py
[2026-03-05T09:50:20.690+0000] {logging_mixin.py:190} INFO - [2026-03-05T09:50:20.690+0000] {dag.py:3239} INFO - Sync 1 DAGs
[2026-03-05T09:50:20.704+0000] {logging_mixin.py:190} INFO - [2026-03-05T09:50:20.704+0000] {dag.py:4180} INFO - Setting next_dagrun for gdp_growth_ml_predictor to 2026-03-01 00:00:00+00:00, run_after=2026-04-01 00:00:00+00:00
[2026-03-05T09:50:20.713+0000] {processor.py:208} INFO - Processing /opt/airflow/dags/ml_gdp_prediction.py took 1.105 seconds
[2026-03-05T09:50:50.884+0000] {processor.py:186} INFO - Started process (PID=3119) to work on /opt/airflow/dags/ml_gdp_prediction.py
[2026-03-05T09:50:50.888+0000] {processor.py:914} INFO - Processing file /opt/airflow/dags/ml_gdp_prediction.py for tasks to queue
[2026-03-05T09:50:50.889+0000] {logging_mixin.py:190} INFO - [2026-03-05T09:50:50.889+0000] {dagbag.py:588} INFO - Filling up the DagBag from /opt/airflow/dags/ml_gdp_prediction.py
[2026-03-05T09:50:51.862+0000] {processor.py:925} INFO - DAG(s) 'gdp_growth_ml_predictor' retrieved from /opt/airflow/dags/ml_gdp_prediction.py
[2026-03-05T09:50:51.877+0000] {logging_mixin.py:190} INFO - [2026-03-05T09:50:51.877+0000] {dag.py:3239} INFO - Sync 1 DAGs
[2026-03-05T09:50:51.891+0000] {logging_mixin.py:190} INFO - [2026-03-05T09:50:51.891+0000] {dag.py:4180} INFO - Setting next_dagrun for gdp_growth_ml_predictor to 2026-03-01 00:00:00+00:00, run_after=2026-04-01 00:00:00+00:00
[2026-03-05T09:50:51.904+0000] {processor.py:208} INFO - Processing /opt/airflow/dags/ml_gdp_prediction.py took 1.025 seconds
[2026-03-05T09:51:22.060+0000] {processor.py:186} INFO - Started process (PID=3156) to work on /opt/airflow/dags/ml_gdp_prediction.py
[2026-03-05T09:51:22.063+0000] {processor.py:914} INFO - Processing file /opt/airflow/dags/ml_gdp_prediction.py for tasks to queue
[2026-03-05T09:51:22.064+0000] {logging_mixin.py:190} INFO - [2026-03-05T09:51:22.064+0000] {dagbag.py:588} INFO - Filling up the DagBag from /opt/airflow/dags/ml_gdp_prediction.py
[2026-03-05T09:51:23.110+0000] {processor.py:925} INFO - DAG(s) 'gdp_growth_ml_predictor' retrieved from /opt/airflow/dags/ml_gdp_prediction.py
[2026-03-05T09:51:23.125+0000] {logging_mixin.py:190} INFO - [2026-03-05T09:51:23.125+0000] {dag.py:3239} INFO - Sync 1 DAGs
[2026-03-05T09:51:23.138+0000] {logging_mixin.py:190} INFO - [2026-03-05T09:51:23.137+0000] {dag.py:4180} INFO - Setting next_dagrun for gdp_growth_ml_predictor to 2026-03-01 00:00:00+00:00, run_after=2026-04-01 00:00:00+00:00
[2026-03-05T09:51:23.147+0000] {processor.py:208} INFO - Processing /opt/airflow/dags/ml_gdp_prediction.py took 1.093 seconds
[2026-03-05T09:51:53.329+0000] {processor.py:186} INFO - Started process (PID=3193) to work on /opt/airflow/dags/ml_gdp_prediction.py
[2026-03-05T09:51:53.329+0000] {processor.py:914} INFO - Processing file /opt/airflow/dags/ml_gdp_prediction.py for tasks to queue
[2026-03-05T09:51:53.330+0000] {logging_mixin.py:190} INFO - [2026-03-05T09:51:53.330+0000] {dagbag.py:588} INFO - Filling up the DagBag from /opt/airflow/dags/ml_gdp_prediction.py
[2026-03-05T09:51:54.382+0000] {processor.py:925} INFO - DAG(s) 'gdp_growth_ml_predictor' retrieved from /opt/airflow/dags/ml_gdp_prediction.py
[2026-03-05T09:51:54.399+0000] {logging_mixin.py:190} INFO - [2026-03-05T09:51:54.399+0000] {dag.py:3239} INFO - Sync 1 DAGs
[2026-03-05T09:51:54.411+0000] {logging_mixin.py:190} INFO - [2026-03-05T09:51:54.410+0000] {dag.py:4180} INFO - Setting next_dagrun for gdp_growth_ml_predictor to 2026-03-01 00:00:00+00:00, run_after=2026-04-01 00:00:00+00:00
[2026-03-05T09:51:54.423+0000] {processor.py:208} INFO - Processing /opt/airflow/dags/ml_gdp_prediction.py took 1.100 seconds
[2026-03-05T09:52:24.584+0000] {processor.py:186} INFO - Started process (PID=3230) to work on /opt/airflow/dags/ml_gdp_prediction.py
[2026-03-05T09:52:24.586+0000] {processor.py:914} INFO - Processing file /opt/airflow/dags/ml_gdp_prediction.py for tasks to queue
[2026-03-05T09:52:24.586+0000] {logging_mixin.py:190} INFO - [2026-03-05T09:52:24.586+0000] {dagbag.py:588} INFO - Filling up the DagBag from /opt/airflow/dags/ml_gdp_prediction.py
[2026-03-05T09:52:25.536+0000] {processor.py:925} INFO - DAG(s) 'gdp_growth_ml_predictor' retrieved from /opt/airflow/dags/ml_gdp_prediction.py
[2026-03-05T09:52:25.550+0000] {logging_mixin.py:190} INFO - [2026-03-05T09:52:25.550+0000] {dag.py:3239} INFO - Sync 1 DAGs
[2026-03-05T09:52:25.565+0000] {logging_mixin.py:190} INFO - [2026-03-05T09:52:25.564+0000] {dag.py:4180} INFO - Setting next_dagrun for gdp_growth_ml_predictor to 2026-03-01 00:00:00+00:00, run_after=2026-04-01 00:00:00+00:00
[2026-03-05T09:52:25.578+0000] {processor.py:208} INFO - Processing /opt/airflow/dags/ml_gdp_prediction.py took 0.998 seconds
[2026-03-05T09:52:55.732+0000] {processor.py:186} INFO - Started process (PID=3267) to work on /opt/airflow/dags/ml_gdp_prediction.py
[2026-03-05T09:52:55.732+0000] {processor.py:914} INFO - Processing file /opt/airflow/dags/ml_gdp_prediction.py for tasks to queue
[2026-03-05T09:52:55.733+0000] {logging_mixin.py:190} INFO - [2026-03-05T09:52:55.733+0000] {dagbag.py:588} INFO - Filling up the DagBag from /opt/airflow/dags/ml_gdp_prediction.py
[2026-03-05T09:52:56.695+0000] {processor.py:925} INFO - DAG(s) 'gdp_growth_ml_predictor' retrieved from /opt/airflow/dags/ml_gdp_prediction.py
[2026-03-05T09:52:56.712+0000] {logging_mixin.py:190} INFO - [2026-03-05T09:52:56.711+0000] {dag.py:3239} INFO - Sync 1 DAGs
[2026-03-05T09:52:56.726+0000] {logging_mixin.py:190} INFO - [2026-03-05T09:52:56.725+0000] {dag.py:4180} INFO - Setting next_dagrun for gdp_growth_ml_predictor to 2026-03-01 00:00:00+00:00, run_after=2026-04-01 00:00:00+00:00
[2026-03-05T09:52:56.738+0000] {processor.py:208} INFO - Processing /opt/airflow/dags/ml_gdp_prediction.py took 1.010 seconds
[2026-03-05T09:53:26.891+0000] {processor.py:186} INFO - Started process (PID=3304) to work on /opt/airflow/dags/ml_gdp_prediction.py
[2026-03-05T09:53:26.894+0000] {processor.py:914} INFO - Processing file /opt/airflow/dags/ml_gdp_prediction.py for tasks to queue
[2026-03-05T09:53:26.896+0000] {logging_mixin.py:190} INFO - [2026-03-05T09:53:26.895+0000] {dagbag.py:588} INFO - Filling up the DagBag from /opt/airflow/dags/ml_gdp_prediction.py
[2026-03-05T09:53:27.851+0000] {processor.py:925} INFO - DAG(s) 'gdp_growth_ml_predictor' retrieved from /opt/airflow/dags/ml_gdp_prediction.py
[2026-03-05T09:53:27.868+0000] {logging_mixin.py:190} INFO - [2026-03-05T09:53:27.867+0000] {dag.py:3239} INFO - Sync 1 DAGs
[2026-03-05T09:53:27.881+0000] {logging_mixin.py:190} INFO - [2026-03-05T09:53:27.881+0000] {dag.py:4180} INFO - Setting next_dagrun for gdp_growth_ml_predictor to 2026-03-01 00:00:00+00:00, run_after=2026-04-01 00:00:00+00:00
[2026-03-05T09:53:27.893+0000] {processor.py:208} INFO - Processing /opt/airflow/dags/ml_gdp_prediction.py took 1.008 seconds
[2026-03-05T09:53:58.075+0000] {processor.py:186} INFO - Started process (PID=3341) to work on /opt/airflow/dags/ml_gdp_prediction.py
[2026-03-05T09:53:58.076+0000] {processor.py:914} INFO - Processing file /opt/airflow/dags/ml_gdp_prediction.py for tasks to queue
[2026-03-05T09:53:58.077+0000] {logging_mixin.py:190} INFO - [2026-03-05T09:53:58.077+0000] {dagbag.py:588} INFO - Filling up the DagBag from /opt/airflow/dags/ml_gdp_prediction.py
[2026-03-05T09:53:59.126+0000] {processor.py:925} INFO - DAG(s) 'gdp_growth_ml_predictor' retrieved from /opt/airflow/dags/ml_gdp_prediction.py
[2026-03-05T09:53:59.146+0000] {logging_mixin.py:190} INFO - [2026-03-05T09:53:59.146+0000] {dag.py:3239} INFO - Sync 1 DAGs
[2026-03-05T09:53:59.160+0000] {logging_mixin.py:190} INFO - [2026-03-05T09:53:59.160+0000] {dag.py:4180} INFO - Setting next_dagrun for gdp_growth_ml_predictor to 2026-03-01 00:00:00+00:00, run_after=2026-04-01 00:00:00+00:00
[2026-03-05T09:53:59.170+0000] {processor.py:208} INFO - Processing /opt/airflow/dags/ml_gdp_prediction.py took 1.101 seconds
[2026-03-05T09:54:29.343+0000] {processor.py:186} INFO - Started process (PID=3378) to work on /opt/airflow/dags/ml_gdp_prediction.py
[2026-03-05T09:54:29.344+0000] {processor.py:914} INFO - Processing file /opt/airflow/dags/ml_gdp_prediction.py for tasks to queue
[2026-03-05T09:54:29.345+0000] {logging_mixin.py:190} INFO - [2026-03-05T09:54:29.344+0000] {dagbag.py:588} INFO - Filling up the DagBag from /opt/airflow/dags/ml_gdp_prediction.py
[2026-03-05T09:54:30.444+0000] {processor.py:925} INFO - DAG(s) 'gdp_growth_ml_predictor' retrieved from /opt/airflow/dags/ml_gdp_prediction.py
[2026-03-05T09:54:30.460+0000] {logging_mixin.py:190} INFO - [2026-03-05T09:54:30.460+0000] {dag.py:3239} INFO - Sync 1 DAGs
[2026-03-05T09:54:30.475+0000] {logging_mixin.py:190} INFO - [2026-03-05T09:54:30.474+0000] {dag.py:4180} INFO - Setting next_dagrun for gdp_growth_ml_predictor to 2026-03-01 00:00:00+00:00, run_after=2026-04-01 00:00:00+00:00
[2026-03-05T09:54:30.488+0000] {processor.py:208} INFO - Processing /opt/airflow/dags/ml_gdp_prediction.py took 1.151 seconds
[2026-03-05T09:55:00.657+0000] {processor.py:186} INFO - Started process (PID=3415) to work on /opt/airflow/dags/ml_gdp_prediction.py
[2026-03-05T09:55:00.658+0000] {processor.py:914} INFO - Processing file /opt/airflow/dags/ml_gdp_prediction.py for tasks to queue
[2026-03-05T09:55:00.659+0000] {logging_mixin.py:190} INFO - [2026-03-05T09:55:00.658+0000] {dagbag.py:588} INFO - Filling up the DagBag from /opt/airflow/dags/ml_gdp_prediction.py
[2026-03-05T09:55:01.768+0000] {processor.py:925} INFO - DAG(s) 'gdp_growth_ml_predictor' retrieved from /opt/airflow/dags/ml_gdp_prediction.py
[2026-03-05T09:55:01.783+0000] {logging_mixin.py:190} INFO - [2026-03-05T09:55:01.783+0000] {dag.py:3239} INFO - Sync 1 DAGs
[2026-03-05T09:55:01.797+0000] {logging_mixin.py:190} INFO - [2026-03-05T09:55:01.797+0000] {dag.py:4180} INFO - Setting next_dagrun for gdp_growth_ml_predictor to 2026-03-01 00:00:00+00:00, run_after=2026-04-01 00:00:00+00:00
[2026-03-05T09:55:01.804+0000] {processor.py:208} INFO - Processing /opt/airflow/dags/ml_gdp_prediction.py took 1.154 seconds
[2026-03-05T09:55:31.986+0000] {processor.py:186} INFO - Started process (PID=3452) to work on /opt/airflow/dags/ml_gdp_prediction.py
[2026-03-05T09:55:31.989+0000] {processor.py:914} INFO - Processing file /opt/airflow/dags/ml_gdp_prediction.py for tasks to queue
[2026-03-05T09:55:31.991+0000] {logging_mixin.py:190} INFO - [2026-03-05T09:55:31.990+0000] {dagbag.py:588} INFO - Filling up the DagBag from /opt/airflow/dags/ml_gdp_prediction.py
[2026-03-05T09:55:33.061+0000] {processor.py:925} INFO - DAG(s) 'gdp_growth_ml_predictor' retrieved from /opt/airflow/dags/ml_gdp_prediction.py
[2026-03-05T09:55:33.078+0000] {logging_mixin.py:190} INFO - [2026-03-05T09:55:33.078+0000] {dag.py:3239} INFO - Sync 1 DAGs
[2026-03-05T09:55:33.091+0000] {logging_mixin.py:190} INFO - [2026-03-05T09:55:33.091+0000] {dag.py:4180} INFO - Setting next_dagrun for gdp_growth_ml_predictor to 2026-03-01 00:00:00+00:00, run_after=2026-04-01 00:00:00+00:00
[2026-03-05T09:55:33.103+0000] {processor.py:208} INFO - Processing /opt/airflow/dags/ml_gdp_prediction.py took 1.123 seconds
[2026-03-05T09:56:03.270+0000] {processor.py:186} INFO - Started process (PID=3489) to work on /opt/airflow/dags/ml_gdp_prediction.py
[2026-03-05T09:56:03.271+0000] {processor.py:914} INFO - Processing file /opt/airflow/dags/ml_gdp_prediction.py for tasks to queue
[2026-03-05T09:56:03.272+0000] {logging_mixin.py:190} INFO - [2026-03-05T09:56:03.272+0000] {dagbag.py:588} INFO - Filling up the DagBag from /opt/airflow/dags/ml_gdp_prediction.py
[2026-03-05T09:56:04.282+0000] {processor.py:925} INFO - DAG(s) 'gdp_growth_ml_predictor' retrieved from /opt/airflow/dags/ml_gdp_prediction.py
[2026-03-05T09:56:04.297+0000] {logging_mixin.py:190} INFO - [2026-03-05T09:56:04.296+0000] {dag.py:3239} INFO - Sync 1 DAGs
[2026-03-05T09:56:04.311+0000] {logging_mixin.py:190} INFO - [2026-03-05T09:56:04.311+0000] {dag.py:4180} INFO - Setting next_dagrun for gdp_growth_ml_predictor to 2026-03-01 00:00:00+00:00, run_after=2026-04-01 00:00:00+00:00
[2026-03-05T09:56:04.323+0000] {processor.py:208} INFO - Processing /opt/airflow/dags/ml_gdp_prediction.py took 1.060 seconds
[2026-03-05T09:56:34.494+0000] {processor.py:186} INFO - Started process (PID=3526) to work on /opt/airflow/dags/ml_gdp_prediction.py
[2026-03-05T09:56:34.497+0000] {processor.py:914} INFO - Processing file /opt/airflow/dags/ml_gdp_prediction.py for tasks to queue
[2026-03-05T09:56:34.498+0000] {logging_mixin.py:190} INFO - [2026-03-05T09:56:34.498+0000] {dagbag.py:588} INFO - Filling up the DagBag from /opt/airflow/dags/ml_gdp_prediction.py
[2026-03-05T09:56:35.567+0000] {processor.py:925} INFO - DAG(s) 'gdp_growth_ml_predictor' retrieved from /opt/airflow/dags/ml_gdp_prediction.py
[2026-03-05T09:56:35.583+0000] {logging_mixin.py:190} INFO - [2026-03-05T09:56:35.583+0000] {dag.py:3239} INFO - Sync 1 DAGs
[2026-03-05T09:56:35.597+0000] {logging_mixin.py:190} INFO - [2026-03-05T09:56:35.597+0000] {dag.py:4180} INFO - Setting next_dagrun for gdp_growth_ml_predictor to 2026-03-01 00:00:00+00:00, run_after=2026-04-01 00:00:00+00:00
[2026-03-05T09:56:35.609+0000] {processor.py:208} INFO - Processing /opt/airflow/dags/ml_gdp_prediction.py took 1.121 seconds
[2026-03-05T09:57:05.776+0000] {processor.py:186} INFO - Started process (PID=3563) to work on /opt/airflow/dags/ml_gdp_prediction.py
[2026-03-05T09:57:05.776+0000] {processor.py:914} INFO - Processing file /opt/airflow/dags/ml_gdp_prediction.py for tasks to queue
[2026-03-05T09:57:05.778+0000] {logging_mixin.py:190} INFO - [2026-03-05T09:57:05.777+0000] {dagbag.py:588} INFO - Filling up the DagBag from /opt/airflow/dags/ml_gdp_prediction.py
[2026-03-05T09:57:06.787+0000] {processor.py:925} INFO - DAG(s) 'gdp_growth_ml_predictor' retrieved from /opt/airflow/dags/ml_gdp_prediction.py
[2026-03-05T09:57:06.802+0000] {logging_mixin.py:190} INFO - [2026-03-05T09:57:06.802+0000] {dag.py:3239} INFO - Sync 1 DAGs
[2026-03-05T09:57:06.817+0000] {logging_mixin.py:190} INFO - [2026-03-05T09:57:06.817+0000] {dag.py:4180} INFO - Setting next_dagrun for gdp_growth_ml_predictor to 2026-03-01 00:00:00+00:00, run_after=2026-04-01 00:00:00+00:00
[2026-03-05T09:57:06.827+0000] {processor.py:208} INFO - Processing /opt/airflow/dags/ml_gdp_prediction.py took 1.057 seconds
[2026-03-05T09:57:36.997+0000] {processor.py:186} INFO - Started process (PID=3600) to work on /opt/airflow/dags/ml_gdp_prediction.py
[2026-03-05T09:57:36.998+0000] {processor.py:914} INFO - Processing file /opt/airflow/dags/ml_gdp_prediction.py for tasks to queue
[2026-03-05T09:57:36.999+0000] {logging_mixin.py:190} INFO - [2026-03-05T09:57:36.999+0000] {dagbag.py:588} INFO - Filling up the DagBag from /opt/airflow/dags/ml_gdp_prediction.py
[2026-03-05T09:57:38.115+0000] {processor.py:925} INFO - DAG(s) 'gdp_growth_ml_predictor' retrieved from /opt/airflow/dags/ml_gdp_prediction.py
[2026-03-05T09:57:38.133+0000] {logging_mixin.py:190} INFO - [2026-03-05T09:57:38.133+0000] {dag.py:3239} INFO - Sync 1 DAGs
[2026-03-05T09:57:38.146+0000] {logging_mixin.py:190} INFO - [2026-03-05T09:57:38.146+0000] {dag.py:4180} INFO - Setting next_dagrun for gdp_growth_ml_predictor to 2026-03-01 00:00:00+00:00, run_after=2026-04-01 00:00:00+00:00
[2026-03-05T09:57:38.156+0000] {processor.py:208} INFO - Processing /opt/airflow/dags/ml_gdp_prediction.py took 1.165 seconds
[2026-03-05T09:58:08.330+0000] {processor.py:186} INFO - Started process (PID=3637) to work on /opt/airflow/dags/ml_gdp_prediction.py
[2026-03-05T09:58:08.331+0000] {processor.py:914} INFO - Processing file /opt/airflow/dags/ml_gdp_prediction.py for tasks to queue
[2026-03-05T09:58:08.332+0000] {logging_mixin.py:190} INFO - [2026-03-05T09:58:08.332+0000] {dagbag.py:588} INFO - Filling up the DagBag from /opt/airflow/dags/ml_gdp_prediction.py
[2026-03-05T09:58:09.415+0000] {processor.py:925} INFO - DAG(s) 'gdp_growth_ml_predictor' retrieved from /opt/airflow/dags/ml_gdp_prediction.py
[2026-03-05T09:58:09.432+0000] {logging_mixin.py:190} INFO - [2026-03-05T09:58:09.431+0000] {dag.py:3239} INFO - Sync 1 DAGs
[2026-03-05T09:58:09.446+0000] {logging_mixin.py:190} INFO - [2026-03-05T09:58:09.446+0000] {dag.py:4180} INFO - Setting next_dagrun for gdp_growth_ml_predictor to 2026-03-01 00:00:00+00:00, run_after=2026-04-01 00:00:00+00:00
[2026-03-05T09:58:09.458+0000] {processor.py:208} INFO - Processing /opt/airflow/dags/ml_gdp_prediction.py took 1.133 seconds
