[2026-03-05T08:02:04.801+0000] {local_task_job_runner.py:123} INFO - ::group::Pre task execution logs
[2026-03-05T08:02:04.818+0000] {taskinstance.py:2614} INFO - Dependencies all met for dep_context=non-requeueable deps ti=<TaskInstance: economic_calendar_pipeline.process_numeric_features scheduled__2026-03-04T00:00:00+00:00 [queued]>
[2026-03-05T08:02:04.824+0000] {taskinstance.py:2614} INFO - Dependencies all met for dep_context=requeueable deps ti=<TaskInstance: economic_calendar_pipeline.process_numeric_features scheduled__2026-03-04T00:00:00+00:00 [queued]>
[2026-03-05T08:02:04.824+0000] {taskinstance.py:2867} INFO - Starting attempt 1 of 3
[2026-03-05T08:02:04.833+0000] {taskinstance.py:2890} INFO - Executing <Task(PythonOperator): process_numeric_features> on 2026-03-04 00:00:00+00:00
[2026-03-05T08:02:04.839+0000] {standard_task_runner.py:72} INFO - Started process 333 to run task
[2026-03-05T08:02:04.841+0000] {standard_task_runner.py:104} INFO - Running: ['***', 'tasks', 'run', 'economic_calendar_pipeline', 'process_numeric_features', 'scheduled__2026-03-04T00:00:00+00:00', '--job-id', '3', '--raw', '--subdir', 'DAGS_FOLDER/example_economic_pipeline.py', '--cfg-path', '/tmp/tmpdze3ekd0']
[2026-03-05T08:02:04.842+0000] {standard_task_runner.py:105} INFO - Job 3: Subtask process_numeric_features
[2026-03-05T08:02:04.879+0000] {task_command.py:467} INFO - Running <TaskInstance: economic_calendar_pipeline.process_numeric_features scheduled__2026-03-04T00:00:00+00:00 [running]> on host 19b1d52cfa30
[2026-03-05T08:02:04.941+0000] {taskinstance.py:3134} INFO - Exporting env vars: AIRFLOW_CTX_DAG_OWNER='data-team' AIRFLOW_CTX_DAG_ID='economic_calendar_pipeline' AIRFLOW_CTX_TASK_ID='process_numeric_features' AIRFLOW_CTX_EXECUTION_DATE='2026-03-04T00:00:00+00:00' AIRFLOW_CTX_TRY_NUMBER='1' AIRFLOW_CTX_DAG_RUN_ID='scheduled__2026-03-04T00:00:00+00:00'
[2026-03-05T08:02:04.941+0000] {taskinstance.py:732} INFO - ::endgroup::
[2026-03-05T08:02:04.955+0000] {example_economic_pipeline.py:178} INFO - Processing 3 new events for numeric features
[2026-03-05T08:02:04.957+0000] {example_economic_pipeline.py:222} INFO - Processed 3 events into features.event_numeric
[2026-03-05T08:02:04.967+0000] {python.py:240} INFO - Done. Returned value was: 3
[2026-03-05T08:02:04.985+0000] {taskinstance.py:341} INFO - ::group::Post task execution logs
[2026-03-05T08:02:04.985+0000] {taskinstance.py:353} INFO - Marking task as SUCCESS. dag_id=economic_calendar_pipeline, task_id=process_numeric_features, run_id=scheduled__2026-03-04T00:00:00+00:00, execution_date=20260304T000000, start_date=20260305T080204, end_date=20260305T080204
[2026-03-05T08:02:05.053+0000] {local_task_job_runner.py:266} INFO - Task exited with return code 0
[2026-03-05T08:02:05.076+0000] {taskinstance.py:3901} INFO - 1 downstream tasks scheduled from follow-on schedule check
[2026-03-05T08:02:05.078+0000] {local_task_job_runner.py:245} INFO - ::endgroup::
[2026-03-05T09:40:26.706+0000] {local_task_job_runner.py:123} INFO - ::group::Pre task execution logs
[2026-03-05T09:40:26.729+0000] {taskinstance.py:2614} INFO - Dependencies all met for dep_context=non-requeueable deps ti=<TaskInstance: economic_calendar_pipeline.process_numeric_features scheduled__2026-03-04T00:00:00+00:00 [queued]>
[2026-03-05T09:40:26.736+0000] {taskinstance.py:2614} INFO - Dependencies all met for dep_context=requeueable deps ti=<TaskInstance: economic_calendar_pipeline.process_numeric_features scheduled__2026-03-04T00:00:00+00:00 [queued]>
[2026-03-05T09:40:26.737+0000] {taskinstance.py:2867} INFO - Starting attempt 1 of 3
[2026-03-05T09:40:26.748+0000] {taskinstance.py:2890} INFO - Executing <Task(PythonOperator): process_numeric_features> on 2026-03-04 00:00:00+00:00
[2026-03-05T09:40:26.754+0000] {standard_task_runner.py:72} INFO - Started process 2351 to run task
[2026-03-05T09:40:26.757+0000] {standard_task_runner.py:104} INFO - Running: ['***', 'tasks', 'run', 'economic_calendar_pipeline', 'process_numeric_features', 'scheduled__2026-03-04T00:00:00+00:00', '--job-id', '15', '--raw', '--subdir', 'DAGS_FOLDER/example_economic_pipeline.py', '--cfg-path', '/tmp/tmp4v0g2q1z']
[2026-03-05T09:40:26.759+0000] {standard_task_runner.py:105} INFO - Job 15: Subtask process_numeric_features
[2026-03-05T09:40:26.804+0000] {task_command.py:467} INFO - Running <TaskInstance: economic_calendar_pipeline.process_numeric_features scheduled__2026-03-04T00:00:00+00:00 [running]> on host f7258073729b
[2026-03-05T09:40:26.875+0000] {taskinstance.py:3134} INFO - Exporting env vars: AIRFLOW_CTX_DAG_OWNER='data-team' AIRFLOW_CTX_DAG_ID='economic_calendar_pipeline' AIRFLOW_CTX_TASK_ID='process_numeric_features' AIRFLOW_CTX_EXECUTION_DATE='2026-03-04T00:00:00+00:00' AIRFLOW_CTX_TRY_NUMBER='1' AIRFLOW_CTX_DAG_RUN_ID='scheduled__2026-03-04T00:00:00+00:00'
[2026-03-05T09:40:26.875+0000] {taskinstance.py:732} INFO - ::endgroup::
[2026-03-05T09:40:26.889+0000] {taskinstance.py:3313} ERROR - Task failed with exception
Traceback (most recent call last):
  File "/home/airflow/.local/lib/python3.11/site-packages/airflow/models/taskinstance.py", line 768, in _execute_task
    result = _execute_callable(context=context, **execute_callable_kwargs)
             ^^^^^^^^^^^^^^^^^^^^^^^^^^^^^^^^^^^^^^^^^^^^^^^^^^^^^^^^^^^^^
  File "/home/airflow/.local/lib/python3.11/site-packages/airflow/models/taskinstance.py", line 734, in _execute_callable
    return ExecutionCallableRunner(
           ^^^^^^^^^^^^^^^^^^^^^^^^
  File "/home/airflow/.local/lib/python3.11/site-packages/airflow/utils/operator_helpers.py", line 252, in run
    return self.func(*args, **kwargs)
           ^^^^^^^^^^^^^^^^^^^^^^^^^^
  File "/home/airflow/.local/lib/python3.11/site-packages/airflow/models/baseoperator.py", line 424, in wrapper
    return func(self, *args, **kwargs)
           ^^^^^^^^^^^^^^^^^^^^^^^^^^^
  File "/home/airflow/.local/lib/python3.11/site-packages/airflow/operators/python.py", line 238, in execute
    return_value = self.execute_callable()
                   ^^^^^^^^^^^^^^^^^^^^^^^
  File "/home/airflow/.local/lib/python3.11/site-packages/airflow/operators/python.py", line 256, in execute_callable
    return runner.run(*self.op_args, **self.op_kwargs)
           ^^^^^^^^^^^^^^^^^^^^^^^^^^^^^^^^^^^^^^^^^^^
  File "/home/airflow/.local/lib/python3.11/site-packages/airflow/utils/operator_helpers.py", line 252, in run
    return self.func(*args, **kwargs)
           ^^^^^^^^^^^^^^^^^^^^^^^^^^
  File "/opt/airflow/dags/example_economic_pipeline.py", line 168, in process_numeric_features
    cursor.execute("""
psycopg2.errors.UndefinedTable: relation "raw_data.economic_calendar" does not exist
LINE 4:         FROM raw_data.economic_calendar r
                     ^

[2026-03-05T09:40:26.900+0000] {taskinstance.py:1226} INFO - Marking task as UP_FOR_RETRY. dag_id=economic_calendar_pipeline, task_id=process_numeric_features, run_id=scheduled__2026-03-04T00:00:00+00:00, execution_date=20260304T000000, start_date=20260305T094026, end_date=20260305T094026
[2026-03-05T09:40:26.925+0000] {taskinstance.py:341} INFO - ::group::Post task execution logs
[2026-03-05T09:40:26.925+0000] {standard_task_runner.py:124} ERROR - Failed to execute job 15 for task process_numeric_features (relation "raw_data.economic_calendar" does not exist
LINE 4:         FROM raw_data.economic_calendar r
                     ^
; 2351)
Traceback (most recent call last):
  File "/home/airflow/.local/lib/python3.11/site-packages/airflow/task/task_runner/standard_task_runner.py", line 117, in _start_by_fork
    ret = args.func(args, dag=self.dag)
          ^^^^^^^^^^^^^^^^^^^^^^^^^^^^^
  File "/home/airflow/.local/lib/python3.11/site-packages/airflow/cli/cli_config.py", line 49, in command
    return func(*args, **kwargs)
           ^^^^^^^^^^^^^^^^^^^^^
  File "/home/airflow/.local/lib/python3.11/site-packages/airflow/utils/cli.py", line 116, in wrapper
    return f(*args, **kwargs)
           ^^^^^^^^^^^^^^^^^^
  File "/home/airflow/.local/lib/python3.11/site-packages/airflow/cli/commands/task_command.py", line 483, in task_run
    task_return_code = _run_task_by_selected_method(args, _dag, ti)
                       ^^^^^^^^^^^^^^^^^^^^^^^^^^^^^^^^^^^^^^^^^^^^
  File "/home/airflow/.local/lib/python3.11/site-packages/airflow/cli/commands/task_command.py", line 256, in _run_task_by_selected_method
    return _run_raw_task(args, ti)
           ^^^^^^^^^^^^^^^^^^^^^^^
  File "/home/airflow/.local/lib/python3.11/site-packages/airflow/cli/commands/task_command.py", line 341, in _run_raw_task
    return ti._run_raw_task(
           ^^^^^^^^^^^^^^^^^
  File "/home/airflow/.local/lib/python3.11/site-packages/airflow/utils/session.py", line 97, in wrapper
    return func(*args, session=session, **kwargs)
           ^^^^^^^^^^^^^^^^^^^^^^^^^^^^^^^^^^^^^^
  File "/home/airflow/.local/lib/python3.11/site-packages/airflow/models/taskinstance.py", line 3006, in _run_raw_task
    return _run_raw_task(
           ^^^^^^^^^^^^^^
  File "/home/airflow/.local/lib/python3.11/site-packages/airflow/models/taskinstance.py", line 274, in _run_raw_task
    TaskInstance._execute_task_with_callbacks(
  File "/home/airflow/.local/lib/python3.11/site-packages/airflow/models/taskinstance.py", line 3161, in _execute_task_with_callbacks
    result = self._execute_task(context, task_orig)
             ^^^^^^^^^^^^^^^^^^^^^^^^^^^^^^^^^^^^^^
  File "/home/airflow/.local/lib/python3.11/site-packages/airflow/models/taskinstance.py", line 3185, in _execute_task
    return _execute_task(self, context, task_orig)
           ^^^^^^^^^^^^^^^^^^^^^^^^^^^^^^^^^^^^^^^
  File "/home/airflow/.local/lib/python3.11/site-packages/airflow/models/taskinstance.py", line 768, in _execute_task
    result = _execute_callable(context=context, **execute_callable_kwargs)
             ^^^^^^^^^^^^^^^^^^^^^^^^^^^^^^^^^^^^^^^^^^^^^^^^^^^^^^^^^^^^^
  File "/home/airflow/.local/lib/python3.11/site-packages/airflow/models/taskinstance.py", line 734, in _execute_callable
    return ExecutionCallableRunner(
           ^^^^^^^^^^^^^^^^^^^^^^^^
  File "/home/airflow/.local/lib/python3.11/site-packages/airflow/utils/operator_helpers.py", line 252, in run
    return self.func(*args, **kwargs)
           ^^^^^^^^^^^^^^^^^^^^^^^^^^
  File "/home/airflow/.local/lib/python3.11/site-packages/airflow/models/baseoperator.py", line 424, in wrapper
    return func(self, *args, **kwargs)
           ^^^^^^^^^^^^^^^^^^^^^^^^^^^
  File "/home/airflow/.local/lib/python3.11/site-packages/airflow/operators/python.py", line 238, in execute
    return_value = self.execute_callable()
                   ^^^^^^^^^^^^^^^^^^^^^^^
  File "/home/airflow/.local/lib/python3.11/site-packages/airflow/operators/python.py", line 256, in execute_callable
    return runner.run(*self.op_args, **self.op_kwargs)
           ^^^^^^^^^^^^^^^^^^^^^^^^^^^^^^^^^^^^^^^^^^^
  File "/home/airflow/.local/lib/python3.11/site-packages/airflow/utils/operator_helpers.py", line 252, in run
    return self.func(*args, **kwargs)
           ^^^^^^^^^^^^^^^^^^^^^^^^^^
  File "/opt/airflow/dags/example_economic_pipeline.py", line 168, in process_numeric_features
    cursor.execute("""
psycopg2.errors.UndefinedTable: relation "raw_data.economic_calendar" does not exist
LINE 4:         FROM raw_data.economic_calendar r
                     ^

[2026-03-05T09:40:26.969+0000] {local_task_job_runner.py:266} INFO - Task exited with return code 1
[2026-03-05T09:40:26.989+0000] {taskinstance.py:3901} INFO - 0 downstream tasks scheduled from follow-on schedule check
[2026-03-05T09:40:26.990+0000] {local_task_job_runner.py:245} INFO - ::endgroup::
