[2026-03-05T08:02:08.778+0000] {local_task_job_runner.py:123} INFO - ::group::Pre task execution logs
[2026-03-05T08:02:08.792+0000] {taskinstance.py:2614} INFO - Dependencies all met for dep_context=non-requeueable deps ti=<TaskInstance: economic_calendar_pipeline.log_pipeline_stats manual__2026-03-05T08:02:04+00:00 [queued]>
[2026-03-05T08:02:08.797+0000] {taskinstance.py:2614} INFO - Dependencies all met for dep_context=requeueable deps ti=<TaskInstance: economic_calendar_pipeline.log_pipeline_stats manual__2026-03-05T08:02:04+00:00 [queued]>
[2026-03-05T08:02:08.797+0000] {taskinstance.py:2867} INFO - Starting attempt 1 of 3
[2026-03-05T08:02:08.807+0000] {taskinstance.py:2890} INFO - Executing <Task(PythonOperator): log_pipeline_stats> on 2026-03-05 08:02:04+00:00
[2026-03-05T08:02:08.813+0000] {standard_task_runner.py:72} INFO - Started process 348 to run task
[2026-03-05T08:02:08.815+0000] {standard_task_runner.py:104} INFO - Running: ['***', 'tasks', 'run', 'economic_calendar_pipeline', 'log_pipeline_stats', 'manual__2026-03-05T08:02:04+00:00', '--job-id', '9', '--raw', '--subdir', 'DAGS_FOLDER/example_economic_pipeline.py', '--cfg-path', '/tmp/tmpqij8gs2s']
[2026-03-05T08:02:08.816+0000] {standard_task_runner.py:105} INFO - Job 9: Subtask log_pipeline_stats
[2026-03-05T08:02:08.852+0000] {task_command.py:467} INFO - Running <TaskInstance: economic_calendar_pipeline.log_pipeline_stats manual__2026-03-05T08:02:04+00:00 [running]> on host 19b1d52cfa30
[2026-03-05T08:02:08.915+0000] {taskinstance.py:3134} INFO - Exporting env vars: AIRFLOW_CTX_DAG_OWNER='data-team' AIRFLOW_CTX_DAG_ID='economic_calendar_pipeline' AIRFLOW_CTX_TASK_ID='log_pipeline_stats' AIRFLOW_CTX_EXECUTION_DATE='2026-03-05T08:02:04+00:00' AIRFLOW_CTX_TRY_NUMBER='1' AIRFLOW_CTX_DAG_RUN_ID='manual__2026-03-05T08:02:04+00:00'
[2026-03-05T08:02:08.916+0000] {taskinstance.py:732} INFO - ::endgroup::
[2026-03-05T08:02:08.953+0000] {example_economic_pipeline.py:288} INFO - ==================================================
[2026-03-05T08:02:08.953+0000] {example_economic_pipeline.py:289} INFO - Pipeline Run Summary
[2026-03-05T08:02:08.953+0000] {example_economic_pipeline.py:290} INFO - ==================================================
[2026-03-05T08:02:08.953+0000] {example_economic_pipeline.py:291} INFO - Raw events fetched:    3
[2026-03-05T08:02:08.953+0000] {example_economic_pipeline.py:292} INFO - Numeric features:      0
[2026-03-05T08:02:08.954+0000] {example_economic_pipeline.py:293} INFO - Daily summaries:       2
[2026-03-05T08:02:08.954+0000] {example_economic_pipeline.py:294} INFO - --------------------------------------------------
[2026-03-05T08:02:08.954+0000] {example_economic_pipeline.py:295} INFO - Total rows in database:
[2026-03-05T08:02:08.954+0000] {example_economic_pipeline.py:297} INFO -   raw_data.economic_calendar: 3
[2026-03-05T08:02:08.954+0000] {example_economic_pipeline.py:297} INFO -   features.event_numeric: 3
[2026-03-05T08:02:08.954+0000] {example_economic_pipeline.py:297} INFO -   features.daily_economic_summary: 2
[2026-03-05T08:02:08.954+0000] {example_economic_pipeline.py:298} INFO - ==================================================
[2026-03-05T08:02:08.954+0000] {python.py:240} INFO - Done. Returned value was: None
[2026-03-05T08:02:08.961+0000] {taskinstance.py:341} INFO - ::group::Post task execution logs
[2026-03-05T08:02:08.962+0000] {taskinstance.py:353} INFO - Marking task as SUCCESS. dag_id=economic_calendar_pipeline, task_id=log_pipeline_stats, run_id=manual__2026-03-05T08:02:04+00:00, execution_date=20260305T080204, start_date=20260305T080208, end_date=20260305T080208
[2026-03-05T08:02:09.028+0000] {local_task_job_runner.py:266} INFO - Task exited with return code 0
[2026-03-05T08:02:09.041+0000] {taskinstance.py:3901} INFO - 0 downstream tasks scheduled from follow-on schedule check
[2026-03-05T08:02:09.042+0000] {local_task_job_runner.py:245} INFO - ::endgroup::
