[2026-03-05T08:42:26.365+0000] {local_task_job_runner.py:123} INFO - ::group::Pre task execution logs
[2026-03-05T08:42:26.380+0000] {taskinstance.py:2614} INFO - Dependencies all met for dep_context=non-requeueable deps ti=<TaskInstance: world_bank_macro_pipeline.log_pipeline_stats manual__2026-03-05T08:36:06+00:00 [queued]>
[2026-03-05T08:42:26.385+0000] {taskinstance.py:2614} INFO - Dependencies all met for dep_context=requeueable deps ti=<TaskInstance: world_bank_macro_pipeline.log_pipeline_stats manual__2026-03-05T08:36:06+00:00 [queued]>
[2026-03-05T08:42:26.385+0000] {taskinstance.py:2867} INFO - Starting attempt 1 of 3
[2026-03-05T08:42:26.393+0000] {taskinstance.py:2890} INFO - Executing <Task(PythonOperator): log_pipeline_stats> on 2026-03-05 08:36:06+00:00
[2026-03-05T08:42:26.400+0000] {standard_task_runner.py:72} INFO - Started process 596 to run task
[2026-03-05T08:42:26.403+0000] {standard_task_runner.py:104} INFO - Running: ['***', 'tasks', 'run', 'world_bank_macro_pipeline', 'log_pipeline_stats', 'manual__2026-03-05T08:36:06+00:00', '--job-id', '6', '--raw', '--subdir', 'DAGS_FOLDER/world_bank_pipeline.py', '--cfg-path', '/tmp/tmp_fk08usb']
[2026-03-05T08:42:26.404+0000] {standard_task_runner.py:105} INFO - Job 6: Subtask log_pipeline_stats
[2026-03-05T08:42:26.440+0000] {task_command.py:467} INFO - Running <TaskInstance: world_bank_macro_pipeline.log_pipeline_stats manual__2026-03-05T08:36:06+00:00 [running]> on host 55c90f0399c5
[2026-03-05T08:42:26.496+0000] {taskinstance.py:3134} INFO - Exporting env vars: AIRFLOW_CTX_DAG_OWNER='data-team' AIRFLOW_CTX_DAG_ID='world_bank_macro_pipeline' AIRFLOW_CTX_TASK_ID='log_pipeline_stats' AIRFLOW_CTX_EXECUTION_DATE='2026-03-05T08:36:06+00:00' AIRFLOW_CTX_TRY_NUMBER='1' AIRFLOW_CTX_DAG_RUN_ID='manual__2026-03-05T08:36:06+00:00'
[2026-03-05T08:42:26.497+0000] {taskinstance.py:732} INFO - ::endgroup::
[2026-03-05T08:42:26.526+0000] {world_bank_pipeline.py:220} INFO - ==================================================
[2026-03-05T08:42:26.526+0000] {world_bank_pipeline.py:221} INFO - World Bank Pipeline Summary
[2026-03-05T08:42:26.526+0000] {world_bank_pipeline.py:222} INFO - ==================================================
[2026-03-05T08:42:26.527+0000] {world_bank_pipeline.py:223} INFO - Raw records fetched:   29795
[2026-03-05T08:42:26.527+0000] {world_bank_pipeline.py:224} INFO - ML Feature rows built: 6529
[2026-03-05T08:42:26.527+0000] {world_bank_pipeline.py:225} INFO - --------------------------------------------------
[2026-03-05T08:42:26.527+0000] {world_bank_pipeline.py:226} INFO - Total rows in database:
[2026-03-05T08:42:26.527+0000] {world_bank_pipeline.py:228} INFO -   raw_data.world_bank_indicators: 29795
[2026-03-05T08:42:26.527+0000] {world_bank_pipeline.py:228} INFO -   features.macroeconomic_features: 6529
[2026-03-05T08:42:26.527+0000] {world_bank_pipeline.py:229} INFO - ==================================================
[2026-03-05T08:42:26.527+0000] {python.py:240} INFO - Done. Returned value was: None
[2026-03-05T08:42:26.535+0000] {taskinstance.py:341} INFO - ::group::Post task execution logs
[2026-03-05T08:42:26.535+0000] {taskinstance.py:353} INFO - Marking task as SUCCESS. dag_id=world_bank_macro_pipeline, task_id=log_pipeline_stats, run_id=manual__2026-03-05T08:36:06+00:00, execution_date=20260305T083606, start_date=20260305T084226, end_date=20260305T084226
[2026-03-05T08:42:26.575+0000] {local_task_job_runner.py:266} INFO - Task exited with return code 0
[2026-03-05T08:42:26.589+0000] {taskinstance.py:3901} INFO - 0 downstream tasks scheduled from follow-on schedule check
[2026-03-05T08:42:26.590+0000] {local_task_job_runner.py:245} INFO - ::endgroup::
