[2026-03-05T09:16:21.714+0000] {local_task_job_runner.py:123} INFO - ::group::Pre task execution logs
[2026-03-05T09:16:21.728+0000] {taskinstance.py:2614} INFO - Dependencies all met for dep_context=non-requeueable deps ti=<TaskInstance: gdp_growth_ml_predictor.prepare_and_train_model manual__2026-03-05T09:16:19+00:00 [queued]>
[2026-03-05T09:16:21.732+0000] {taskinstance.py:2614} INFO - Dependencies all met for dep_context=requeueable deps ti=<TaskInstance: gdp_growth_ml_predictor.prepare_and_train_model manual__2026-03-05T09:16:19+00:00 [queued]>
[2026-03-05T09:16:21.732+0000] {taskinstance.py:2867} INFO - Starting attempt 1 of 2
[2026-03-05T09:16:21.740+0000] {taskinstance.py:2890} INFO - Executing <Task(PythonOperator): prepare_and_train_model> on 2026-03-05 09:16:19+00:00
[2026-03-05T09:16:21.749+0000] {standard_task_runner.py:72} INFO - Started process 278 to run task
[2026-03-05T09:16:21.751+0000] {standard_task_runner.py:104} INFO - Running: ['***', 'tasks', 'run', 'gdp_growth_ml_predictor', 'prepare_and_train_model', 'manual__2026-03-05T09:16:19+00:00', '--job-id', '10', '--raw', '--subdir', 'DAGS_FOLDER/ml_gdp_prediction.py', '--cfg-path', '/tmp/tmpf32v3lb4']
[2026-03-05T09:16:21.753+0000] {standard_task_runner.py:105} INFO - Job 10: Subtask prepare_and_train_model
[2026-03-05T09:16:21.787+0000] {task_command.py:467} INFO - Running <TaskInstance: gdp_growth_ml_predictor.prepare_and_train_model manual__2026-03-05T09:16:19+00:00 [running]> on host f7258073729b
[2026-03-05T09:16:21.848+0000] {taskinstance.py:3134} INFO - Exporting env vars: AIRFLOW_CTX_DAG_OWNER='data-team' AIRFLOW_CTX_DAG_ID='gdp_growth_ml_predictor' AIRFLOW_CTX_TASK_ID='prepare_and_train_model' AIRFLOW_CTX_EXECUTION_DATE='2026-03-05T09:16:19+00:00' AIRFLOW_CTX_TRY_NUMBER='1' AIRFLOW_CTX_DAG_RUN_ID='manual__2026-03-05T09:16:19+00:00'
[2026-03-05T09:16:21.848+0000] {taskinstance.py:732} INFO - ::endgroup::
[2026-03-05T09:16:21.868+0000] {ml_gdp_prediction.py:43} INFO - Loading feature data from database...
[2026-03-05T09:16:21.873+0000] {logging_mixin.py:190} WARNING - /opt/***/dags/ml_gdp_prediction.py:50 UserWarning: pandas only supports SQLAlchemy connectable (engine/connection) or database string URI or sqlite3 DBAPI2 connection. Other DBAPI2 objects are not tested. Please consider using SQLAlchemy.
[2026-03-05T09:16:21.888+0000] {ml_gdp_prediction.py:55} INFO - Loaded 6529 feature rows.
[2026-03-05T09:16:21.896+0000] {ml_gdp_prediction.py:76} INFO - Usable rows for training: 5453
[2026-03-05T09:16:21.897+0000] {ml_gdp_prediction.py:77} INFO - Countries to predict forward: 263
[2026-03-05T09:16:22.621+0000] {ml_gdp_prediction.py:92} INFO - --- Model Performance ---
[2026-03-05T09:16:22.621+0000] {ml_gdp_prediction.py:93} INFO - MSE: 21.25
[2026-03-05T09:16:22.621+0000] {ml_gdp_prediction.py:94} INFO - R2 Score: 0.14
[2026-03-05T09:16:22.627+0000] {ml_gdp_prediction.py:97} INFO - --- Feature Importances ---
[2026-03-05T09:16:22.627+0000] {ml_gdp_prediction.py:99} INFO - gdp_growth_pct: 0.5641
[2026-03-05T09:16:22.627+0000] {ml_gdp_prediction.py:99} INFO - inflation_pct: 0.1418
[2026-03-05T09:16:22.627+0000] {ml_gdp_prediction.py:99} INFO - unemployment_pct: 0.1296
[2026-03-05T09:16:22.627+0000] {ml_gdp_prediction.py:99} INFO - trade_pct_gdp: 0.1645
[2026-03-05T09:16:22.636+0000] {ml_gdp_prediction.py:123} INFO - Saving 263 predictions to database...
[2026-03-05T09:16:22.644+0000] {ml_gdp_prediction.py:142} INFO - Successfully generated and saved future GDP growth predictions!
[2026-03-05T09:16:22.654+0000] {python.py:240} INFO - Done. Returned value was: None
[2026-03-05T09:16:22.662+0000] {taskinstance.py:341} INFO - ::group::Post task execution logs
[2026-03-05T09:16:22.662+0000] {taskinstance.py:353} INFO - Marking task as SUCCESS. dag_id=gdp_growth_ml_predictor, task_id=prepare_and_train_model, run_id=manual__2026-03-05T09:16:19+00:00, execution_date=20260305T091619, start_date=20260305T091621, end_date=20260305T091622
[2026-03-05T09:16:22.726+0000] {local_task_job_runner.py:266} INFO - Task exited with return code 0
[2026-03-05T09:16:22.739+0000] {taskinstance.py:3901} INFO - 0 downstream tasks scheduled from follow-on schedule check
[2026-03-05T09:16:22.740+0000] {local_task_job_runner.py:245} INFO - ::endgroup::
