[2026-03-05T08:02:02.706+0000] {local_task_job_runner.py:123} INFO - ::group::Pre task execution logs
[2026-03-05T08:02:02.719+0000] {taskinstance.py:2614} INFO - Dependencies all met for dep_context=non-requeueable deps ti=<TaskInstance: economic_calendar_pipeline.fetch_economic_data scheduled__2026-03-04T00:00:00+00:00 [queued]>
[2026-03-05T08:02:02.724+0000] {taskinstance.py:2614} INFO - Dependencies all met for dep_context=requeueable deps ti=<TaskInstance: economic_calendar_pipeline.fetch_economic_data scheduled__2026-03-04T00:00:00+00:00 [queued]>
[2026-03-05T08:02:02.724+0000] {taskinstance.py:2867} INFO - Starting attempt 1 of 3
[2026-03-05T08:02:02.732+0000] {taskinstance.py:2890} INFO - Executing <Task(PythonOperator): fetch_economic_data> on 2026-03-04 00:00:00+00:00
[2026-03-05T08:02:02.738+0000] {standard_task_runner.py:72} INFO - Started process 311 to run task
[2026-03-05T08:02:02.741+0000] {standard_task_runner.py:104} INFO - Running: ['***', 'tasks', 'run', 'economic_calendar_pipeline', 'fetch_economic_data', 'scheduled__2026-03-04T00:00:00+00:00', '--job-id', '2', '--raw', '--subdir', 'DAGS_FOLDER/example_economic_pipeline.py', '--cfg-path', '/tmp/tmp0k66jksz']
[2026-03-05T08:02:02.742+0000] {standard_task_runner.py:105} INFO - Job 2: Subtask fetch_economic_data
[2026-03-05T08:02:02.783+0000] {task_command.py:467} INFO - Running <TaskInstance: economic_calendar_pipeline.fetch_economic_data scheduled__2026-03-04T00:00:00+00:00 [running]> on host 19b1d52cfa30
[2026-03-05T08:02:02.848+0000] {taskinstance.py:3134} INFO - Exporting env vars: AIRFLOW_CTX_DAG_OWNER='data-team' AIRFLOW_CTX_DAG_ID='economic_calendar_pipeline' AIRFLOW_CTX_TASK_ID='fetch_economic_data' AIRFLOW_CTX_EXECUTION_DATE='2026-03-04T00:00:00+00:00' AIRFLOW_CTX_TRY_NUMBER='1' AIRFLOW_CTX_DAG_RUN_ID='scheduled__2026-03-04T00:00:00+00:00'
[2026-03-05T08:02:02.848+0000] {taskinstance.py:732} INFO - ::endgroup::
[2026-03-05T08:02:02.865+0000] {example_economic_pipeline.py:50} INFO - Fetching economic calendar from https://api.tradingeconomics.com/calendar
[2026-03-05T08:02:04.429+0000] {example_economic_pipeline.py:59} INFO - Fetched 3 events
[2026-03-05T08:02:04.440+0000] {example_economic_pipeline.py:117} INFO - Inserted/updated 3 events into raw_data.economic_calendar
[2026-03-05T08:02:04.455+0000] {python.py:240} INFO - Done. Returned value was: 3
[2026-03-05T08:02:04.476+0000] {taskinstance.py:341} INFO - ::group::Post task execution logs
[2026-03-05T08:02:04.476+0000] {taskinstance.py:353} INFO - Marking task as SUCCESS. dag_id=economic_calendar_pipeline, task_id=fetch_economic_data, run_id=scheduled__2026-03-04T00:00:00+00:00, execution_date=20260304T000000, start_date=20260305T080202, end_date=20260305T080204
[2026-03-05T08:02:04.518+0000] {local_task_job_runner.py:266} INFO - Task exited with return code 0
[2026-03-05T08:02:04.547+0000] {taskinstance.py:3901} INFO - 1 downstream tasks scheduled from follow-on schedule check
[2026-03-05T08:02:04.549+0000] {local_task_job_runner.py:245} INFO - ::endgroup::
[2026-03-05T09:40:20.689+0000] {local_task_job_runner.py:123} INFO - ::group::Pre task execution logs
[2026-03-05T09:40:20.703+0000] {taskinstance.py:2614} INFO - Dependencies all met for dep_context=non-requeueable deps ti=<TaskInstance: economic_calendar_pipeline.fetch_economic_data scheduled__2026-03-04T00:00:00+00:00 [queued]>
[2026-03-05T09:40:20.708+0000] {taskinstance.py:2614} INFO - Dependencies all met for dep_context=requeueable deps ti=<TaskInstance: economic_calendar_pipeline.fetch_economic_data scheduled__2026-03-04T00:00:00+00:00 [queued]>
[2026-03-05T09:40:20.708+0000] {taskinstance.py:2867} INFO - Starting attempt 1 of 3
[2026-03-05T09:40:20.716+0000] {taskinstance.py:2890} INFO - Executing <Task(PythonOperator): fetch_economic_data> on 2026-03-04 00:00:00+00:00
[2026-03-05T09:40:20.722+0000] {standard_task_runner.py:72} INFO - Started process 2323 to run task
[2026-03-05T09:40:20.725+0000] {standard_task_runner.py:104} INFO - Running: ['***', 'tasks', 'run', 'economic_calendar_pipeline', 'fetch_economic_data', 'scheduled__2026-03-04T00:00:00+00:00', '--job-id', '13', '--raw', '--subdir', 'DAGS_FOLDER/example_economic_pipeline.py', '--cfg-path', '/tmp/tmpkfnqjadc']
[2026-03-05T09:40:20.727+0000] {standard_task_runner.py:105} INFO - Job 13: Subtask fetch_economic_data
[2026-03-05T09:40:20.764+0000] {task_command.py:467} INFO - Running <TaskInstance: economic_calendar_pipeline.fetch_economic_data scheduled__2026-03-04T00:00:00+00:00 [running]> on host f7258073729b
[2026-03-05T09:40:20.825+0000] {taskinstance.py:3134} INFO - Exporting env vars: AIRFLOW_CTX_DAG_OWNER='data-team' AIRFLOW_CTX_DAG_ID='economic_calendar_pipeline' AIRFLOW_CTX_TASK_ID='fetch_economic_data' AIRFLOW_CTX_EXECUTION_DATE='2026-03-04T00:00:00+00:00' AIRFLOW_CTX_TRY_NUMBER='1' AIRFLOW_CTX_DAG_RUN_ID='scheduled__2026-03-04T00:00:00+00:00'
[2026-03-05T09:40:20.826+0000] {taskinstance.py:732} INFO - ::endgroup::
[2026-03-05T09:40:20.835+0000] {example_economic_pipeline.py:50} INFO - Fetching economic calendar from https://api.tradingeconomics.com/calendar
[2026-03-05T09:40:25.648+0000] {example_economic_pipeline.py:59} INFO - Fetched 3 events
[2026-03-05T09:40:25.656+0000] {example_economic_pipeline.py:109} ERROR - Error inserting event 383798: relation "raw_data.economic_calendar" does not exist
LINE 2:                 INSERT INTO raw_data.economic_calendar
                                    ^

[2026-03-05T09:40:25.657+0000] {example_economic_pipeline.py:109} ERROR - Error inserting event 383630: relation "raw_data.economic_calendar" does not exist
LINE 2:                 INSERT INTO raw_data.economic_calendar
                                    ^

[2026-03-05T09:40:25.658+0000] {example_economic_pipeline.py:109} ERROR - Error inserting event 383631: relation "raw_data.economic_calendar" does not exist
LINE 2:                 INSERT INTO raw_data.economic_calendar
                                    ^

[2026-03-05T09:40:25.658+0000] {example_economic_pipeline.py:117} INFO - Inserted/updated 0 events into raw_data.economic_calendar
[2026-03-05T09:40:25.669+0000] {python.py:240} INFO - Done. Returned value was: 0
[2026-03-05T09:40:25.690+0000] {taskinstance.py:341} INFO - ::group::Post task execution logs
[2026-03-05T09:40:25.691+0000] {taskinstance.py:353} INFO - Marking task as SUCCESS. dag_id=economic_calendar_pipeline, task_id=fetch_economic_data, run_id=scheduled__2026-03-04T00:00:00+00:00, execution_date=20260304T000000, start_date=20260305T094020, end_date=20260305T094025
[2026-03-05T09:40:25.751+0000] {local_task_job_runner.py:266} INFO - Task exited with return code 0
[2026-03-05T09:40:25.783+0000] {taskinstance.py:3901} INFO - 1 downstream tasks scheduled from follow-on schedule check
[2026-03-05T09:40:25.785+0000] {local_task_job_runner.py:245} INFO - ::endgroup::
